{"/Users/amit/amitdir/coding-2024+/dating_myths/src/App.jsx": {"path":"/Users/amit/amitdir/coding-2024+/dating_myths/src/App.jsx","statementMap":{"0":{"start":{"line":4,"column":21},"end":{"line":13,"column":1}},"1":{"start":{"line":9,"column":37},"end":{"line":9,"column":63}},"2":{"start":{"line":10,"column":26},"end":{"line":10,"column":52}},"3":{"start":{"line":11,"column":32},"end":{"line":11,"column":51}},"4":{"start":{"line":16,"column":2},"end":{"line":32,"column":4}}},"fnMap":{"0":{"name":"(anonymous_0)","decl":{"start":{"line":9,"column":22},"end":{"line":9,"column":23}},"loc":{"start":{"line":9,"column":37},"end":{"line":9,"column":63}},"line":9},"1":{"name":"(anonymous_1)","decl":{"start":{"line":10,"column":11},"end":{"line":10,"column":12}},"loc":{"start":{"line":10,"column":26},"end":{"line":10,"column":52}},"line":10},"2":{"name":"(anonymous_2)","decl":{"start":{"line":11,"column":17},"end":{"line":11,"column":18}},"loc":{"start":{"line":11,"column":32},"end":{"line":11,"column":51}},"line":11},"3":{"name":"App","decl":{"start":{"line":15,"column":9},"end":{"line":15,"column":12}},"loc":{"start":{"line":15,"column":15},"end":{"line":33,"column":1}},"line":15}},"branchMap":{},"s":{"0":1,"1":2,"2":2,"3":2,"4":2},"f":{"0":2,"1":2,"2":2,"3":2},"b":{},"_coverageSchema":"1a1c01bbd47fc00a2c39e90264f33305004495a9","hash":"4629c4a12c013da8c4316fb56175afc82379c2eb"}
,"/Users/amit/amitdir/coding-2024+/dating_myths/src/main.jsx": {"path":"/Users/amit/amitdir/coding-2024+/dating_myths/src/main.jsx","statementMap":{"0":{"start":{"line":10,"column":20},"end":{"line":10,"column":51}},"1":{"start":{"line":11,"column":13},"end":{"line":11,"column":36}},"2":{"start":{"line":13,"column":0},"end":{"line":27,"column":2}}},"fnMap":{},"branchMap":{},"s":{"0":0,"1":0,"2":0},"f":{},"b":{}}
,"/Users/amit/amitdir/coding-2024+/dating_myths/src/theme.js": {"path":"/Users/amit/amitdir/coding-2024+/dating_myths/src/theme.js","statementMap":{"0":{"start":{"line":1,"column":21},"end":{"line":19,"column":1}}},"fnMap":{},"branchMap":{},"s":{"0":1},"f":{},"b":{},"_coverageSchema":"1a1c01bbd47fc00a2c39e90264f33305004495a9","hash":"d2a909a03d39b24ef9bf7fe071597c6ca36794d8"}
,"/Users/amit/amitdir/coding-2024+/dating_myths/src/pages/QuizPage.jsx": {"path":"/Users/amit/amitdir/coding-2024+/dating_myths/src/pages/QuizPage.jsx","statementMap":{"0":{"start":{"line":5,"column":29},"end":{"line":12,"column":1}},"1":{"start":{"line":9,"column":31},"end":{"line":9,"column":49}},"2":{"start":{"line":14,"column":14},"end":{"line":19,"column":1}},"3":{"start":{"line":15,"column":26},"end":{"line":15,"column":45}},"4":{"start":{"line":21,"column":20},"end":{"line":27,"column":1}},"5":{"start":{"line":22,"column":26},"end":{"line":22,"column":52}},"6":{"start":{"line":29,"column":22},"end":{"line":35,"column":1}},"7":{"start":{"line":30,"column":31},"end":{"line":30,"column":49}},"8":{"start":{"line":37,"column":17},"end":{"line":42,"column":1}},"9":{"start":{"line":38,"column":26},"end":{"line":38,"column":48}},"10":{"start":{"line":45,"column":2},"end":{"line":89,"column":4}}},"fnMap":{"0":{"name":"(anonymous_0)","decl":{"start":{"line":9,"column":16},"end":{"line":9,"column":17}},"loc":{"start":{"line":9,"column":31},"end":{"line":9,"column":49}},"line":9},"1":{"name":"(anonymous_1)","decl":{"start":{"line":15,"column":11},"end":{"line":15,"column":12}},"loc":{"start":{"line":15,"column":26},"end":{"line":15,"column":45}},"line":15},"2":{"name":"(anonymous_2)","decl":{"start":{"line":22,"column":11},"end":{"line":22,"column":12}},"loc":{"start":{"line":22,"column":26},"end":{"line":22,"column":52}},"line":22},"3":{"name":"(anonymous_3)","decl":{"start":{"line":30,"column":16},"end":{"line":30,"column":17}},"loc":{"start":{"line":30,"column":31},"end":{"line":30,"column":49}},"line":30},"4":{"name":"(anonymous_4)","decl":{"start":{"line":38,"column":11},"end":{"line":38,"column":12}},"loc":{"start":{"line":38,"column":26},"end":{"line":38,"column":48}},"line":38},"5":{"name":"QuizPage","decl":{"start":{"line":44,"column":9},"end":{"line":44,"column":17}},"loc":{"start":{"line":44,"column":20},"end":{"line":90,"column":1}},"line":44}},"branchMap":{},"s":{"0":0,"1":0,"2":0,"3":0,"4":0,"5":0,"6":0,"7":0,"8":0,"9":0,"10":0},"f":{"0":0,"1":0,"2":0,"3":0,"4":0,"5":0},"b":{}}
,"/Users/amit/amitdir/coding-2024+/dating_myths/src/pages/ResultsPage.jsx": {"path":"/Users/amit/amitdir/coding-2024+/dating_myths/src/pages/ResultsPage.jsx","statementMap":{"0":{"start":{"line":5,"column":25},"end":{"line":12,"column":1}},"1":{"start":{"line":14,"column":14},"end":{"line":19,"column":1}},"2":{"start":{"line":15,"column":26},"end":{"line":15,"column":45}},"3":{"start":{"line":21,"column":16},"end":{"line":27,"column":1}},"4":{"start":{"line":22,"column":26},"end":{"line":22,"column":52}},"5":{"start":{"line":30,"column":2},"end":{"line":52,"column":4}}},"fnMap":{"0":{"name":"(anonymous_0)","decl":{"start":{"line":15,"column":11},"end":{"line":15,"column":12}},"loc":{"start":{"line":15,"column":26},"end":{"line":15,"column":45}},"line":15},"1":{"name":"(anonymous_1)","decl":{"start":{"line":22,"column":11},"end":{"line":22,"column":12}},"loc":{"start":{"line":22,"column":26},"end":{"line":22,"column":52}},"line":22},"2":{"name":"ResultsPage","decl":{"start":{"line":29,"column":9},"end":{"line":29,"column":20}},"loc":{"start":{"line":29,"column":23},"end":{"line":53,"column":1}},"line":29}},"branchMap":{},"s":{"0":0,"1":0,"2":0,"3":0,"4":0,"5":0},"f":{"0":0,"1":0,"2":0},"b":{}}
,"/Users/amit/amitdir/coding-2024+/dating_myths/src/utils/animations.js": {"path":"/Users/amit/amitdir/coding-2024+/dating_myths/src/utils/animations.js","statementMap":{"0":{"start":{"line":3,"column":28},"end":{"line":7,"column":1}},"1":{"start":{"line":9,"column":30},"end":{"line":13,"column":1}},"2":{"start":{"line":15,"column":22},"end":{"line":20,"column":1}},"3":{"start":{"line":22,"column":25},"end":{"line":22,"column":35}}},"fnMap":{},"branchMap":{},"s":{"0":0,"1":0,"2":0,"3":0},"f":{},"b":{}}
}
