{"/Users/amit/amitdir/coding-2024+/dating_myths/src/App.jsx": {"path":"/Users/amit/amitdir/coding-2024+/dating_myths/src/App.jsx","statementMap":{"0":{"start":{"line":4,"column":21},"end":{"line":13,"column":1}},"1":{"start":{"line":9,"column":37},"end":{"line":9,"column":63}},"2":{"start":{"line":10,"column":26},"end":{"line":10,"column":52}},"3":{"start":{"line":11,"column":32},"end":{"line":11,"column":51}},"4":{"start":{"line":16,"column":2},"end":{"line":32,"column":4}}},"fnMap":{"0":{"name":"(anonymous_0)","decl":{"start":{"line":9,"column":22},"end":{"line":9,"column":23}},"loc":{"start":{"line":9,"column":37},"end":{"line":9,"column":63}},"line":9},"1":{"name":"(anonymous_1)","decl":{"start":{"line":10,"column":11},"end":{"line":10,"column":12}},"loc":{"start":{"line":10,"column":26},"end":{"line":10,"column":52}},"line":10},"2":{"name":"(anonymous_2)","decl":{"start":{"line":11,"column":17},"end":{"line":11,"column":18}},"loc":{"start":{"line":11,"column":32},"end":{"line":11,"column":51}},"line":11},"3":{"name":"App","decl":{"start":{"line":15,"column":9},"end":{"line":15,"column":12}},"loc":{"start":{"line":15,"column":15},"end":{"line":33,"column":1}},"line":15}},"branchMap":{},"s":{"0":1,"1":2,"2":2,"3":2,"4":2},"f":{"0":2,"1":2,"2":2,"3":2},"b":{},"_coverageSchema":"1a1c01bbd47fc00a2c39e90264f33305004495a9","hash":"4629c4a12c013da8c4316fb56175afc82379c2eb"}
,"/Users/amit/amitdir/coding-2024+/dating_myths/src/main.jsx": {"path":"/Users/amit/amitdir/coding-2024+/dating_myths/src/main.jsx","statementMap":{"0":{"start":{"line":10,"column":20},"end":{"line":10,"column":51}},"1":{"start":{"line":11,"column":13},"end":{"line":11,"column":36}},"2":{"start":{"line":13,"column":0},"end":{"line":27,"column":2}}},"fnMap":{},"branchMap":{},"s":{"0":0,"1":0,"2":0},"f":{},"b":{}}
,"/Users/amit/amitdir/coding-2024+/dating_myths/src/theme.js": {"path":"/Users/amit/amitdir/coding-2024+/dating_myths/src/theme.js","statementMap":{"0":{"start":{"line":1,"column":21},"end":{"line":19,"column":1}}},"fnMap":{},"branchMap":{},"s":{"0":1},"f":{},"b":{},"_coverageSchema":"1a1c01bbd47fc00a2c39e90264f33305004495a9","hash":"d2a909a03d39b24ef9bf7fe071597c6ca36794d8"}
,"/Users/amit/amitdir/coding-2024+/dating_myths/src/components/index.js": {"path":"/Users/amit/amitdir/coding-2024+/dating_myths/src/components/index.js","statementMap":{},"fnMap":{},"branchMap":{},"s":{},"f":{},"b":{}}
,"/Users/amit/amitdir/coding-2024+/dating_myths/src/components/layout/Layout.jsx": {"path":"/Users/amit/amitdir/coding-2024+/dating_myths/src/components/layout/Layout.jsx","statementMap":{"0":{"start":{"line":6,"column":21},"end":{"line":10,"column":1}},"1":{"start":{"line":12,"column":15},"end":{"line":22,"column":1}},"2":{"start":{"line":15,"column":37},"end":{"line":15,"column":55}},"3":{"start":{"line":24,"column":13},"end":{"line":34,"column":1}},"4":{"start":{"line":31,"column":38},"end":{"line":31,"column":62}},"5":{"start":{"line":36,"column":15},"end":{"line":51,"column":1}},"6":{"start":{"line":39,"column":37},"end":{"line":39,"column":63}},"7":{"start":{"line":40,"column":26},"end":{"line":40,"column":44}},"8":{"start":{"line":44,"column":28},"end":{"line":44,"column":54}},"9":{"start":{"line":53,"column":15},"end":{"line":71,"column":1}},"10":{"start":{"line":54,"column":2},"end":{"line":70,"column":4}}},"fnMap":{"0":{"name":"(anonymous_0)","decl":{"start":{"line":15,"column":22},"end":{"line":15,"column":23}},"loc":{"start":{"line":15,"column":37},"end":{"line":15,"column":55}},"line":15},"1":{"name":"(anonymous_1)","decl":{"start":{"line":31,"column":23},"end":{"line":31,"column":24}},"loc":{"start":{"line":31,"column":38},"end":{"line":31,"column":62}},"line":31},"2":{"name":"(anonymous_2)","decl":{"start":{"line":39,"column":22},"end":{"line":39,"column":23}},"loc":{"start":{"line":39,"column":37},"end":{"line":39,"column":63}},"line":39},"3":{"name":"(anonymous_3)","decl":{"start":{"line":40,"column":11},"end":{"line":40,"column":12}},"loc":{"start":{"line":40,"column":26},"end":{"line":40,"column":44}},"line":40},"4":{"name":"(anonymous_4)","decl":{"start":{"line":44,"column":13},"end":{"line":44,"column":14}},"loc":{"start":{"line":44,"column":28},"end":{"line":44,"column":54}},"line":44},"5":{"name":"(anonymous_5)","decl":{"start":{"line":53,"column":15},"end":{"line":53,"column":16}},"loc":{"start":{"line":53,"column":33},"end":{"line":71,"column":1}},"line":53}},"branchMap":{},"s":{"0":0,"1":0,"2":0,"3":0,"4":0,"5":0,"6":0,"7":0,"8":0,"9":0,"10":0},"f":{"0":0,"1":0,"2":0,"3":0,"4":0,"5":0},"b":{}}
,"/Users/amit/amitdir/coding-2024+/dating_myths/src/components/svgs/Lotus.jsx": {"path":"/Users/amit/amitdir/coding-2024+/dating_myths/src/components/svgs/Lotus.jsx","statementMap":{"0":{"start":{"line":4,"column":18},"end":{"line":12,"column":1}},"1":{"start":{"line":10,"column":32},"end":{"line":10,"column":67}},"2":{"start":{"line":14,"column":21},"end":{"line":22,"column":1}},"3":{"start":{"line":15,"column":2},"end":{"line":21,"column":14}}},"fnMap":{"0":{"name":"(anonymous_0)","decl":{"start":{"line":10,"column":10},"end":{"line":10,"column":11}},"loc":{"start":{"line":10,"column":32},"end":{"line":10,"column":67}},"line":10},"1":{"name":"(anonymous_1)","decl":{"start":{"line":14,"column":21},"end":{"line":14,"column":22}},"loc":{"start":{"line":15,"column":2},"end":{"line":21,"column":14}},"line":15}},"branchMap":{"0":{"loc":{"start":{"line":10,"column":32},"end":{"line":10,"column":67}},"type":"binary-expr","locations":[{"start":{"line":10,"column":32},"end":{"line":10,"column":37}},{"start":{"line":10,"column":41},"end":{"line":10,"column":67}}],"line":10}},"s":{"0":0,"1":0,"2":0,"3":0},"f":{"0":0,"1":0},"b":{"0":[0,0]}}
,"/Users/amit/amitdir/coding-2024+/dating_myths/src/components/svgs/Rangoli.jsx": {"path":"/Users/amit/amitdir/coding-2024+/dating_myths/src/components/svgs/Rangoli.jsx","statementMap":{"0":{"start":{"line":4,"column":18},"end":{"line":11,"column":1}},"1":{"start":{"line":10,"column":32},"end":{"line":10,"column":60}},"2":{"start":{"line":13,"column":23},"end":{"line":21,"column":1}},"3":{"start":{"line":14,"column":2},"end":{"line":20,"column":14}}},"fnMap":{"0":{"name":"(anonymous_0)","decl":{"start":{"line":10,"column":10},"end":{"line":10,"column":11}},"loc":{"start":{"line":10,"column":32},"end":{"line":10,"column":60}},"line":10},"1":{"name":"(anonymous_1)","decl":{"start":{"line":13,"column":23},"end":{"line":13,"column":24}},"loc":{"start":{"line":14,"column":2},"end":{"line":20,"column":14}},"line":14}},"branchMap":{"0":{"loc":{"start":{"line":10,"column":32},"end":{"line":10,"column":60}},"type":"binary-expr","locations":[{"start":{"line":10,"column":32},"end":{"line":10,"column":37}},{"start":{"line":10,"column":41},"end":{"line":10,"column":60}}],"line":10}},"s":{"0":0,"1":0,"2":0,"3":0},"f":{"0":0,"1":0},"b":{"0":[0,0]}}
,"/Users/amit/amitdir/coding-2024+/dating_myths/src/components/svgs/index.js": {"path":"/Users/amit/amitdir/coding-2024+/dating_myths/src/components/svgs/index.js","statementMap":{},"fnMap":{},"branchMap":{},"s":{},"f":{},"b":{}}
,"/Users/amit/amitdir/coding-2024+/dating_myths/src/components/ui/Card.jsx": {"path":"/Users/amit/amitdir/coding-2024+/dating_myths/src/components/ui/Card.jsx","statementMap":{"0":{"start":{"line":4,"column":20},"end":{"line":20,"column":1}},"1":{"start":{"line":5,"column":37},"end":{"line":5,"column":63}},"2":{"start":{"line":6,"column":37},"end":{"line":6,"column":56}},"3":{"start":{"line":17,"column":38},"end":{"line":17,"column":62}},"4":{"start":{"line":22,"column":26},"end":{"line":28,"column":1}},"5":{"start":{"line":23,"column":26},"end":{"line":23,"column":52}},"6":{"start":{"line":24,"column":32},"end":{"line":24,"column":51}},"7":{"start":{"line":30,"column":24},"end":{"line":34,"column":1}},"8":{"start":{"line":31,"column":26},"end":{"line":31,"column":52}},"9":{"start":{"line":32,"column":32},"end":{"line":32,"column":53}},"10":{"start":{"line":36,"column":26},"end":{"line":43,"column":1}},"11":{"start":{"line":39,"column":41},"end":{"line":39,"column":67}}},"fnMap":{"0":{"name":"(anonymous_0)","decl":{"start":{"line":5,"column":22},"end":{"line":5,"column":23}},"loc":{"start":{"line":5,"column":37},"end":{"line":5,"column":63}},"line":5},"1":{"name":"(anonymous_1)","decl":{"start":{"line":6,"column":22},"end":{"line":6,"column":23}},"loc":{"start":{"line":6,"column":37},"end":{"line":6,"column":56}},"line":6},"2":{"name":"(anonymous_2)","decl":{"start":{"line":17,"column":23},"end":{"line":17,"column":24}},"loc":{"start":{"line":17,"column":38},"end":{"line":17,"column":62}},"line":17},"3":{"name":"(anonymous_3)","decl":{"start":{"line":23,"column":11},"end":{"line":23,"column":12}},"loc":{"start":{"line":23,"column":26},"end":{"line":23,"column":52}},"line":23},"4":{"name":"(anonymous_4)","decl":{"start":{"line":24,"column":17},"end":{"line":24,"column":18}},"loc":{"start":{"line":24,"column":32},"end":{"line":24,"column":51}},"line":24},"5":{"name":"(anonymous_5)","decl":{"start":{"line":31,"column":11},"end":{"line":31,"column":12}},"loc":{"start":{"line":31,"column":26},"end":{"line":31,"column":52}},"line":31},"6":{"name":"(anonymous_6)","decl":{"start":{"line":32,"column":17},"end":{"line":32,"column":18}},"loc":{"start":{"line":32,"column":32},"end":{"line":32,"column":53}},"line":32},"7":{"name":"(anonymous_7)","decl":{"start":{"line":39,"column":26},"end":{"line":39,"column":27}},"loc":{"start":{"line":39,"column":41},"end":{"line":39,"column":67}},"line":39}},"branchMap":{},"s":{"0":0,"1":0,"2":0,"3":0,"4":0,"5":0,"6":0,"7":0,"8":0,"9":0,"10":0,"11":0},"f":{"0":0,"1":0,"2":0,"3":0,"4":0,"5":0,"6":0,"7":0},"b":{}}
,"/Users/amit/amitdir/coding-2024+/dating_myths/src/components/ui/ProgressBar.jsx": {"path":"/Users/amit/amitdir/coding-2024+/dating_myths/src/components/ui/ProgressBar.jsx","statementMap":{"0":{"start":{"line":3,"column":33},"end":{"line":6,"column":1}},"1":{"start":{"line":8,"column":28},"end":{"line":14,"column":1}},"2":{"start":{"line":12,"column":32},"end":{"line":12,"column":51}},"3":{"start":{"line":13,"column":26},"end":{"line":13,"column":52}},"4":{"start":{"line":16,"column":31},"end":{"line":21,"column":1}},"5":{"start":{"line":18,"column":37},"end":{"line":18,"column":63}},"6":{"start":{"line":23,"column":27},"end":{"line":53,"column":1}},"7":{"start":{"line":25,"column":29},"end":{"line":25,"column":43}},"8":{"start":{"line":26,"column":37},"end":{"line":26,"column":59}}},"fnMap":{"0":{"name":"(anonymous_0)","decl":{"start":{"line":12,"column":17},"end":{"line":12,"column":18}},"loc":{"start":{"line":12,"column":32},"end":{"line":12,"column":51}},"line":12},"1":{"name":"(anonymous_1)","decl":{"start":{"line":13,"column":11},"end":{"line":13,"column":12}},"loc":{"start":{"line":13,"column":26},"end":{"line":13,"column":52}},"line":13},"2":{"name":"(anonymous_2)","decl":{"start":{"line":18,"column":22},"end":{"line":18,"column":23}},"loc":{"start":{"line":18,"column":37},"end":{"line":18,"column":63}},"line":18},"3":{"name":"(anonymous_3)","decl":{"start":{"line":25,"column":11},"end":{"line":25,"column":12}},"loc":{"start":{"line":25,"column":29},"end":{"line":25,"column":43}},"line":25},"4":{"name":"(anonymous_4)","decl":{"start":{"line":26,"column":22},"end":{"line":26,"column":23}},"loc":{"start":{"line":26,"column":37},"end":{"line":26,"column":59}},"line":26}},"branchMap":{},"s":{"0":0,"1":0,"2":0,"3":0,"4":0,"5":0,"6":0,"7":0,"8":0},"f":{"0":0,"1":0,"2":0,"3":0,"4":0},"b":{}}
,"/Users/amit/amitdir/coding-2024+/dating_myths/src/components/ui/index.js": {"path":"/Users/amit/amitdir/coding-2024+/dating_myths/src/components/ui/index.js","statementMap":{},"fnMap":{},"branchMap":{},"s":{},"f":{},"b":{}}
,"/Users/amit/amitdir/coding-2024+/dating_myths/src/hooks/index.js": {"path":"/Users/amit/amitdir/coding-2024+/dating_myths/src/hooks/index.js","statementMap":{},"fnMap":{},"branchMap":{},"s":{},"f":{},"b":{}}
,"/Users/amit/amitdir/coding-2024+/dating_myths/src/hooks/useForm.js": {"path":"/Users/amit/amitdir/coding-2024+/dating_myths/src/hooks/useForm.js","statementMap":{"0":{"start":{"line":11,"column":16},"end":{"line":148,"column":1}},"1":{"start":{"line":12,"column":30},"end":{"line":12,"column":53}},"2":{"start":{"line":13,"column":30},"end":{"line":13,"column":42}},"3":{"start":{"line":14,"column":42},"end":{"line":14,"column":57}},"4":{"start":{"line":17,"column":26},"end":{"line":20,"column":8}},"5":{"start":{"line":18,"column":4},"end":{"line":18,"column":44}},"6":{"start":{"line":19,"column":4},"end":{"line":19,"column":15}},"7":{"start":{"line":28,"column":24},"end":{"line":31,"column":23}},"8":{"start":{"line":29,"column":4},"end":{"line":29,"column":49}},"9":{"start":{"line":29,"column":37},"end":{"line":29,"column":49}},"10":{"start":{"line":30,"column":4},"end":{"line":30,"column":45}},"11":{"start":{"line":37,"column":23},"end":{"line":51,"column":29}},"12":{"start":{"line":38,"column":22},"end":{"line":38,"column":24}},"13":{"start":{"line":39,"column":18},"end":{"line":39,"column":22}},"14":{"start":{"line":41,"column":4},"end":{"line":47,"column":7}},"15":{"start":{"line":42,"column":20},"end":{"line":42,"column":63}},"16":{"start":{"line":43,"column":6},"end":{"line":46,"column":7}},"17":{"start":{"line":44,"column":8},"end":{"line":44,"column":37}},"18":{"start":{"line":45,"column":8},"end":{"line":45,"column":24}},"19":{"start":{"line":49,"column":4},"end":{"line":49,"column":25}},"20":{"start":{"line":50,"column":4},"end":{"line":50,"column":42}},"21":{"start":{"line":58,"column":23},"end":{"line":74,"column":14}},"22":{"start":{"line":59,"column":17},"end":{"line":59,"column":75}},"23":{"start":{"line":60,"column":21},"end":{"line":60,"column":74}},"24":{"start":{"line":62,"column":4},"end":{"line":65,"column":8}},"25":{"start":{"line":62,"column":31},"end":{"line":65,"column":5}},"26":{"start":{"line":68,"column":4},"end":{"line":73,"column":5}},"27":{"start":{"line":69,"column":6},"end":{"line":72,"column":10}},"28":{"start":{"line":69,"column":33},"end":{"line":72,"column":7}},"29":{"start":{"line":81,"column":23},"end":{"line":102,"column":38}},"30":{"start":{"line":82,"column":4},"end":{"line":84,"column":5}},"31":{"start":{"line":83,"column":6},"end":{"line":83,"column":29}},"32":{"start":{"line":86,"column":50},"end":{"line":86,"column":64}},"33":{"start":{"line":88,"column":4},"end":{"line":90,"column":5}},"34":{"start":{"line":89,"column":6},"end":{"line":89,"column":50}},"35":{"start":{"line":92,"column":4},"end":{"line":92,"column":26}},"36":{"start":{"line":94,"column":4},"end":{"line":101,"column":5}},"37":{"start":{"line":95,"column":21},"end":{"line":95,"column":43}},"38":{"start":{"line":96,"column":6},"end":{"line":96,"column":37}},"39":{"start":{"line":98,"column":6},"end":{"line":98,"column":35}},"40":{"start":{"line":100,"column":6},"end":{"line":100,"column":29}},"41":{"start":{"line":107,"column":20},"end":{"line":110,"column":21}},"42":{"start":{"line":108,"column":4},"end":{"line":108,"column":29}},"43":{"start":{"line":109,"column":4},"end":{"line":109,"column":18}},"44":{"start":{"line":117,"column":24},"end":{"line":122,"column":8}},"45":{"start":{"line":118,"column":4},"end":{"line":121,"column":8}},"46":{"start":{"line":118,"column":31},"end":{"line":121,"column":5}},"47":{"start":{"line":129,"column":24},"end":{"line":134,"column":8}},"48":{"start":{"line":130,"column":4},"end":{"line":133,"column":8}},"49":{"start":{"line":130,"column":31},"end":{"line":133,"column":5}},"50":{"start":{"line":136,"column":2},"end":{"line":147,"column":4}}},"fnMap":{"0":{"name":"(anonymous_0)","decl":{"start":{"line":11,"column":16},"end":{"line":11,"column":17}},"loc":{"start":{"line":11,"column":68},"end":{"line":148,"column":1}},"line":11},"1":{"name":"(anonymous_1)","decl":{"start":{"line":17,"column":61},"end":{"line":17,"column":62}},"loc":{"start":{"line":17,"column":90},"end":{"line":20,"column":3}},"line":17},"2":{"name":"(anonymous_2)","decl":{"start":{"line":28,"column":36},"end":{"line":28,"column":37}},"loc":{"start":{"line":28,"column":58},"end":{"line":31,"column":3}},"line":28},"3":{"name":"(anonymous_3)","decl":{"start":{"line":37,"column":35},"end":{"line":37,"column":36}},"loc":{"start":{"line":37,"column":41},"end":{"line":51,"column":3}},"line":37},"4":{"name":"(anonymous_4)","decl":{"start":{"line":41,"column":32},"end":{"line":41,"column":33}},"loc":{"start":{"line":41,"column":47},"end":{"line":47,"column":5}},"line":41},"5":{"name":"(anonymous_5)","decl":{"start":{"line":58,"column":35},"end":{"line":58,"column":36}},"loc":{"start":{"line":58,"column":59},"end":{"line":74,"column":3}},"line":58},"6":{"name":"(anonymous_6)","decl":{"start":{"line":62,"column":14},"end":{"line":62,"column":15}},"loc":{"start":{"line":62,"column":31},"end":{"line":65,"column":5}},"line":62},"7":{"name":"(anonymous_7)","decl":{"start":{"line":69,"column":16},"end":{"line":69,"column":17}},"loc":{"start":{"line":69,"column":33},"end":{"line":72,"column":7}},"line":69},"8":{"name":"(anonymous_8)","decl":{"start":{"line":81,"column":35},"end":{"line":81,"column":36}},"loc":{"start":{"line":81,"column":52},"end":{"line":102,"column":3}},"line":81},"9":{"name":"(anonymous_9)","decl":{"start":{"line":107,"column":32},"end":{"line":107,"column":33}},"loc":{"start":{"line":107,"column":38},"end":{"line":110,"column":3}},"line":107},"10":{"name":"(anonymous_10)","decl":{"start":{"line":117,"column":36},"end":{"line":117,"column":37}},"loc":{"start":{"line":117,"column":53},"end":{"line":122,"column":3}},"line":117},"11":{"name":"(anonymous_11)","decl":{"start":{"line":118,"column":14},"end":{"line":118,"column":15}},"loc":{"start":{"line":118,"column":31},"end":{"line":121,"column":5}},"line":118},"12":{"name":"(anonymous_12)","decl":{"start":{"line":129,"column":36},"end":{"line":129,"column":37}},"loc":{"start":{"line":129,"column":53},"end":{"line":134,"column":3}},"line":129},"13":{"name":"(anonymous_13)","decl":{"start":{"line":130,"column":14},"end":{"line":130,"column":15}},"loc":{"start":{"line":130,"column":31},"end":{"line":133,"column":5}},"line":130}},"branchMap":{"0":{"loc":{"start":{"line":11,"column":17},"end":{"line":11,"column":35}},"type":"default-arg","locations":[{"start":{"line":11,"column":33},"end":{"line":11,"column":35}}],"line":11},"1":{"loc":{"start":{"line":11,"column":37},"end":{"line":11,"column":53}},"type":"default-arg","locations":[{"start":{"line":11,"column":51},"end":{"line":11,"column":53}}],"line":11},"2":{"loc":{"start":{"line":29,"column":4},"end":{"line":29,"column":49}},"type":"if","locations":[{"start":{"line":29,"column":4},"end":{"line":29,"column":49}},{"start":{},"end":{}}],"line":29},"3":{"loc":{"start":{"line":43,"column":6},"end":{"line":46,"column":7}},"type":"if","locations":[{"start":{"line":43,"column":6},"end":{"line":46,"column":7}},{"start":{},"end":{}}],"line":43},"4":{"loc":{"start":{"line":59,"column":17},"end":{"line":59,"column":75}},"type":"cond-expr","locations":[{"start":{"line":59,"column":38},"end":{"line":59,"column":61}},{"start":{"line":59,"column":64},"end":{"line":59,"column":75}}],"line":59},"5":{"loc":{"start":{"line":60,"column":21},"end":{"line":60,"column":74}},"type":"cond-expr","locations":[{"start":{"line":60,"column":42},"end":{"line":60,"column":66}},{"start":{"line":60,"column":69},"end":{"line":60,"column":74}}],"line":60},"6":{"loc":{"start":{"line":68,"column":4},"end":{"line":73,"column":5}},"type":"if","locations":[{"start":{"line":68,"column":4},"end":{"line":73,"column":5}},{"start":{},"end":{}}],"line":68},"7":{"loc":{"start":{"line":82,"column":4},"end":{"line":84,"column":5}},"type":"if","locations":[{"start":{"line":82,"column":4},"end":{"line":84,"column":5}},{"start":{},"end":{}}],"line":82},"8":{"loc":{"start":{"line":88,"column":4},"end":{"line":90,"column":5}},"type":"if","locations":[{"start":{"line":88,"column":4},"end":{"line":90,"column":5}},{"start":{},"end":{}}],"line":88}},"s":{"0":0,"1":0,"2":0,"3":0,"4":0,"5":0,"6":0,"7":0,"8":0,"9":0,"10":0,"11":0,"12":0,"13":0,"14":0,"15":0,"16":0,"17":0,"18":0,"19":0,"20":0,"21":0,"22":0,"23":0,"24":0,"25":0,"26":0,"27":0,"28":0,"29":0,"30":0,"31":0,"32":0,"33":0,"34":0,"35":0,"36":0,"37":0,"38":0,"39":0,"40":0,"41":0,"42":0,"43":0,"44":0,"45":0,"46":0,"47":0,"48":0,"49":0,"50":0},"f":{"0":0,"1":0,"2":0,"3":0,"4":0,"5":0,"6":0,"7":0,"8":0,"9":0,"10":0,"11":0,"12":0,"13":0},"b":{"0":[0],"1":[0],"2":[0,0],"3":[0,0],"4":[0,0],"5":[0,0],"6":[0,0],"7":[0,0],"8":[0,0]}}
,"/Users/amit/amitdir/coding-2024+/dating_myths/src/hooks/useMediaQuery.js": {"path":"/Users/amit/amitdir/coding-2024+/dating_myths/src/hooks/useMediaQuery.js","statementMap":{"0":{"start":{"line":8,"column":22},"end":{"line":35,"column":1}},"1":{"start":{"line":9,"column":32},"end":{"line":9,"column":47}},"2":{"start":{"line":11,"column":2},"end":{"line":32,"column":14}},"3":{"start":{"line":13,"column":4},"end":{"line":13,"column":46}},"4":{"start":{"line":13,"column":39},"end":{"line":13,"column":46}},"5":{"start":{"line":15,"column":23},"end":{"line":15,"column":47}},"6":{"start":{"line":18,"column":4},"end":{"line":18,"column":35}},"7":{"start":{"line":21,"column":21},"end":{"line":23,"column":5}},"8":{"start":{"line":22,"column":6},"end":{"line":22,"column":32}},"9":{"start":{"line":26,"column":4},"end":{"line":26,"column":52}},"10":{"start":{"line":29,"column":4},"end":{"line":31,"column":6}},"11":{"start":{"line":30,"column":6},"end":{"line":30,"column":57}},"12":{"start":{"line":34,"column":2},"end":{"line":34,"column":17}},"13":{"start":{"line":41,"column":20},"end":{"line":43,"column":1}},"14":{"start":{"line":42,"column":2},"end":{"line":42,"column":45}},"15":{"start":{"line":49,"column":20},"end":{"line":51,"column":1}},"16":{"start":{"line":50,"column":2},"end":{"line":50,"column":69}},"17":{"start":{"line":57,"column":21},"end":{"line":59,"column":1}},"18":{"start":{"line":58,"column":2},"end":{"line":58,"column":46}},"19":{"start":{"line":65,"column":27},"end":{"line":67,"column":1}},"20":{"start":{"line":66,"column":2},"end":{"line":66,"column":55}},"21":{"start":{"line":73,"column":28},"end":{"line":75,"column":1}},"22":{"start":{"line":74,"column":2},"end":{"line":74,"column":56}},"23":{"start":{"line":81,"column":25},"end":{"line":83,"column":1}},"24":{"start":{"line":82,"column":2},"end":{"line":82,"column":59}}},"fnMap":{"0":{"name":"(anonymous_0)","decl":{"start":{"line":8,"column":22},"end":{"line":8,"column":23}},"loc":{"start":{"line":8,"column":33},"end":{"line":35,"column":1}},"line":8},"1":{"name":"(anonymous_1)","decl":{"start":{"line":11,"column":12},"end":{"line":11,"column":13}},"loc":{"start":{"line":11,"column":18},"end":{"line":32,"column":3}},"line":11},"2":{"name":"(anonymous_2)","decl":{"start":{"line":21,"column":21},"end":{"line":21,"column":22}},"loc":{"start":{"line":21,"column":32},"end":{"line":23,"column":5}},"line":21},"3":{"name":"(anonymous_3)","decl":{"start":{"line":29,"column":11},"end":{"line":29,"column":12}},"loc":{"start":{"line":29,"column":17},"end":{"line":31,"column":5}},"line":29},"4":{"name":"(anonymous_4)","decl":{"start":{"line":41,"column":20},"end":{"line":41,"column":21}},"loc":{"start":{"line":41,"column":26},"end":{"line":43,"column":1}},"line":41},"5":{"name":"(anonymous_5)","decl":{"start":{"line":49,"column":20},"end":{"line":49,"column":21}},"loc":{"start":{"line":49,"column":26},"end":{"line":51,"column":1}},"line":49},"6":{"name":"(anonymous_6)","decl":{"start":{"line":57,"column":21},"end":{"line":57,"column":22}},"loc":{"start":{"line":57,"column":27},"end":{"line":59,"column":1}},"line":57},"7":{"name":"(anonymous_7)","decl":{"start":{"line":65,"column":27},"end":{"line":65,"column":28}},"loc":{"start":{"line":65,"column":33},"end":{"line":67,"column":1}},"line":65},"8":{"name":"(anonymous_8)","decl":{"start":{"line":73,"column":28},"end":{"line":73,"column":29}},"loc":{"start":{"line":73,"column":34},"end":{"line":75,"column":1}},"line":73},"9":{"name":"(anonymous_9)","decl":{"start":{"line":81,"column":25},"end":{"line":81,"column":26}},"loc":{"start":{"line":81,"column":31},"end":{"line":83,"column":1}},"line":81}},"branchMap":{"0":{"loc":{"start":{"line":13,"column":4},"end":{"line":13,"column":46}},"type":"if","locations":[{"start":{"line":13,"column":4},"end":{"line":13,"column":46}},{"start":{},"end":{}}],"line":13}},"s":{"0":0,"1":0,"2":0,"3":0,"4":0,"5":0,"6":0,"7":0,"8":0,"9":0,"10":0,"11":0,"12":0,"13":0,"14":0,"15":0,"16":0,"17":0,"18":0,"19":0,"20":0,"21":0,"22":0,"23":0,"24":0},"f":{"0":0,"1":0,"2":0,"3":0,"4":0,"5":0,"6":0,"7":0,"8":0,"9":0},"b":{"0":[0,0]}}
,"/Users/amit/amitdir/coding-2024+/dating_myths/src/hooks/useScroll.js": {"path":"/Users/amit/amitdir/coding-2024+/dating_myths/src/hooks/useScroll.js","statementMap":{"0":{"start":{"line":9,"column":18},"end":{"line":53,"column":1}},"1":{"start":{"line":10,"column":30},"end":{"line":10,"column":37}},"2":{"start":{"line":11,"column":32},"end":{"line":11,"column":43}},"3":{"start":{"line":12,"column":32},"end":{"line":12,"column":43}},"4":{"start":{"line":13,"column":48},"end":{"line":13,"column":62}},"5":{"start":{"line":14,"column":38},"end":{"line":14,"column":53}},"6":{"start":{"line":16,"column":23},"end":{"line":30,"column":26}},"7":{"start":{"line":18,"column":4},"end":{"line":18,"column":31}},"8":{"start":{"line":19,"column":4},"end":{"line":19,"column":31}},"9":{"start":{"line":22,"column":4},"end":{"line":22,"column":46}},"10":{"start":{"line":25,"column":4},"end":{"line":29,"column":7}},"11":{"start":{"line":26,"column":6},"end":{"line":26,"column":50}},"12":{"start":{"line":26,"column":36},"end":{"line":26,"column":50}},"13":{"start":{"line":27,"column":6},"end":{"line":27,"column":48}},"14":{"start":{"line":27,"column":36},"end":{"line":27,"column":48}},"15":{"start":{"line":28,"column":6},"end":{"line":28,"column":18}},"16":{"start":{"line":32,"column":2},"end":{"line":45,"column":32}},"17":{"start":{"line":34,"column":4},"end":{"line":34,"column":31}},"18":{"start":{"line":35,"column":4},"end":{"line":35,"column":31}},"19":{"start":{"line":36,"column":4},"end":{"line":36,"column":46}},"20":{"start":{"line":39,"column":4},"end":{"line":39,"column":71}},"21":{"start":{"line":42,"column":4},"end":{"line":44,"column":6}},"22":{"start":{"line":43,"column":6},"end":{"line":43,"column":57}},"23":{"start":{"line":47,"column":2},"end":{"line":52,"column":4}},"24":{"start":{"line":64,"column":20},"end":{"line":97,"column":1}},"25":{"start":{"line":70,"column":6},"end":{"line":70,"column":13}},"26":{"start":{"line":72,"column":19},"end":{"line":94,"column":41}},"27":{"start":{"line":73,"column":4},"end":{"line":93,"column":5}},"28":{"start":{"line":76,"column":6},"end":{"line":82,"column":7}},"29":{"start":{"line":77,"column":8},"end":{"line":77,"column":25}},"30":{"start":{"line":78,"column":13},"end":{"line":82,"column":7}},"31":{"start":{"line":79,"column":8},"end":{"line":79,"column":51}},"32":{"start":{"line":81,"column":8},"end":{"line":81,"column":43}},"33":{"start":{"line":84,"column":6},"end":{"line":90,"column":7}},"34":{"start":{"line":85,"column":8},"end":{"line":89,"column":11}},"35":{"start":{"line":92,"column":6},"end":{"line":92,"column":58}},"36":{"start":{"line":96,"column":2},"end":{"line":96,"column":18}}},"fnMap":{"0":{"name":"(anonymous_0)","decl":{"start":{"line":9,"column":18},"end":{"line":9,"column":19}},"loc":{"start":{"line":9,"column":36},"end":{"line":53,"column":1}},"line":9},"1":{"name":"(anonymous_1)","decl":{"start":{"line":16,"column":35},"end":{"line":16,"column":36}},"loc":{"start":{"line":16,"column":41},"end":{"line":30,"column":3}},"line":16},"2":{"name":"(anonymous_2)","decl":{"start":{"line":25,"column":23},"end":{"line":25,"column":24}},"loc":{"start":{"line":25,"column":33},"end":{"line":29,"column":5}},"line":25},"3":{"name":"(anonymous_3)","decl":{"start":{"line":32,"column":12},"end":{"line":32,"column":13}},"loc":{"start":{"line":32,"column":18},"end":{"line":45,"column":3}},"line":32},"4":{"name":"(anonymous_4)","decl":{"start":{"line":42,"column":11},"end":{"line":42,"column":12}},"loc":{"start":{"line":42,"column":17},"end":{"line":44,"column":5}},"line":42},"5":{"name":"(anonymous_5)","decl":{"start":{"line":64,"column":20},"end":{"line":64,"column":21}},"loc":{"start":{"line":64,"column":38},"end":{"line":97,"column":1}},"line":64},"6":{"name":"(anonymous_6)","decl":{"start":{"line":72,"column":31},"end":{"line":72,"column":32}},"loc":{"start":{"line":72,"column":43},"end":{"line":94,"column":3}},"line":72}},"branchMap":{"0":{"loc":{"start":{"line":9,"column":19},"end":{"line":9,"column":31}},"type":"default-arg","locations":[{"start":{"line":9,"column":29},"end":{"line":9,"column":31}}],"line":9},"1":{"loc":{"start":{"line":10,"column":10},"end":{"line":10,"column":25}},"type":"default-arg","locations":[{"start":{"line":10,"column":22},"end":{"line":10,"column":25}}],"line":10},"2":{"loc":{"start":{"line":26,"column":6},"end":{"line":26,"column":50}},"type":"if","locations":[{"start":{"line":26,"column":6},"end":{"line":26,"column":50}},{"start":{},"end":{}}],"line":26},"3":{"loc":{"start":{"line":27,"column":6},"end":{"line":27,"column":48}},"type":"if","locations":[{"start":{"line":27,"column":6},"end":{"line":27,"column":48}},{"start":{},"end":{}}],"line":27},"4":{"loc":{"start":{"line":64,"column":21},"end":{"line":64,"column":33}},"type":"default-arg","locations":[{"start":{"line":64,"column":31},"end":{"line":64,"column":33}}],"line":64},"5":{"loc":{"start":{"line":66,"column":4},"end":{"line":66,"column":17}},"type":"default-arg","locations":[{"start":{"line":66,"column":15},"end":{"line":66,"column":17}}],"line":66},"6":{"loc":{"start":{"line":67,"column":4},"end":{"line":67,"column":23}},"type":"default-arg","locations":[{"start":{"line":67,"column":15},"end":{"line":67,"column":23}}],"line":67},"7":{"loc":{"start":{"line":68,"column":4},"end":{"line":68,"column":19}},"type":"default-arg","locations":[{"start":{"line":68,"column":12},"end":{"line":68,"column":19}}],"line":68},"8":{"loc":{"start":{"line":69,"column":4},"end":{"line":69,"column":22}},"type":"default-arg","locations":[{"start":{"line":69,"column":13},"end":{"line":69,"column":22}}],"line":69},"9":{"loc":{"start":{"line":76,"column":6},"end":{"line":82,"column":7}},"type":"if","locations":[{"start":{"line":76,"column":6},"end":{"line":82,"column":7}},{"start":{"line":78,"column":13},"end":{"line":82,"column":7}}],"line":76},"10":{"loc":{"start":{"line":78,"column":13},"end":{"line":82,"column":7}},"type":"if","locations":[{"start":{"line":78,"column":13},"end":{"line":82,"column":7}},{"start":{"line":80,"column":13},"end":{"line":82,"column":7}}],"line":78},"11":{"loc":{"start":{"line":84,"column":6},"end":{"line":90,"column":7}},"type":"if","locations":[{"start":{"line":84,"column":6},"end":{"line":90,"column":7}},{"start":{},"end":{}}],"line":84}},"s":{"0":0,"1":0,"2":0,"3":0,"4":0,"5":0,"6":0,"7":0,"8":0,"9":0,"10":0,"11":0,"12":0,"13":0,"14":0,"15":0,"16":0,"17":0,"18":0,"19":0,"20":0,"21":0,"22":0,"23":0,"24":0,"25":0,"26":0,"27":0,"28":0,"29":0,"30":0,"31":0,"32":0,"33":0,"34":0,"35":0,"36":0},"f":{"0":0,"1":0,"2":0,"3":0,"4":0,"5":0,"6":0},"b":{"0":[0],"1":[0],"2":[0,0],"3":[0,0],"4":[0],"5":[0],"6":[0],"7":[0],"8":[0],"9":[0,0],"10":[0,0],"11":[0,0]}}
,"/Users/amit/amitdir/coding-2024+/dating_myths/src/pages/QuizPage.jsx": {"path":"/Users/amit/amitdir/coding-2024+/dating_myths/src/pages/QuizPage.jsx","statementMap":{"0":{"start":{"line":5,"column":29},"end":{"line":12,"column":1}},"1":{"start":{"line":9,"column":31},"end":{"line":9,"column":49}},"2":{"start":{"line":14,"column":14},"end":{"line":19,"column":1}},"3":{"start":{"line":15,"column":26},"end":{"line":15,"column":45}},"4":{"start":{"line":21,"column":20},"end":{"line":27,"column":1}},"5":{"start":{"line":22,"column":26},"end":{"line":22,"column":52}},"6":{"start":{"line":29,"column":22},"end":{"line":35,"column":1}},"7":{"start":{"line":30,"column":31},"end":{"line":30,"column":49}},"8":{"start":{"line":37,"column":17},"end":{"line":42,"column":1}},"9":{"start":{"line":38,"column":26},"end":{"line":38,"column":48}},"10":{"start":{"line":45,"column":2},"end":{"line":89,"column":4}}},"fnMap":{"0":{"name":"(anonymous_0)","decl":{"start":{"line":9,"column":16},"end":{"line":9,"column":17}},"loc":{"start":{"line":9,"column":31},"end":{"line":9,"column":49}},"line":9},"1":{"name":"(anonymous_1)","decl":{"start":{"line":15,"column":11},"end":{"line":15,"column":12}},"loc":{"start":{"line":15,"column":26},"end":{"line":15,"column":45}},"line":15},"2":{"name":"(anonymous_2)","decl":{"start":{"line":22,"column":11},"end":{"line":22,"column":12}},"loc":{"start":{"line":22,"column":26},"end":{"line":22,"column":52}},"line":22},"3":{"name":"(anonymous_3)","decl":{"start":{"line":30,"column":16},"end":{"line":30,"column":17}},"loc":{"start":{"line":30,"column":31},"end":{"line":30,"column":49}},"line":30},"4":{"name":"(anonymous_4)","decl":{"start":{"line":38,"column":11},"end":{"line":38,"column":12}},"loc":{"start":{"line":38,"column":26},"end":{"line":38,"column":48}},"line":38},"5":{"name":"QuizPage","decl":{"start":{"line":44,"column":9},"end":{"line":44,"column":17}},"loc":{"start":{"line":44,"column":20},"end":{"line":90,"column":1}},"line":44}},"branchMap":{},"s":{"0":0,"1":0,"2":0,"3":0,"4":0,"5":0,"6":0,"7":0,"8":0,"9":0,"10":0},"f":{"0":0,"1":0,"2":0,"3":0,"4":0,"5":0},"b":{}}
,"/Users/amit/amitdir/coding-2024+/dating_myths/src/pages/ResultsPage.jsx": {"path":"/Users/amit/amitdir/coding-2024+/dating_myths/src/pages/ResultsPage.jsx","statementMap":{"0":{"start":{"line":5,"column":25},"end":{"line":12,"column":1}},"1":{"start":{"line":14,"column":14},"end":{"line":19,"column":1}},"2":{"start":{"line":15,"column":26},"end":{"line":15,"column":45}},"3":{"start":{"line":21,"column":16},"end":{"line":27,"column":1}},"4":{"start":{"line":22,"column":26},"end":{"line":22,"column":52}},"5":{"start":{"line":30,"column":2},"end":{"line":52,"column":4}}},"fnMap":{"0":{"name":"(anonymous_0)","decl":{"start":{"line":15,"column":11},"end":{"line":15,"column":12}},"loc":{"start":{"line":15,"column":26},"end":{"line":15,"column":45}},"line":15},"1":{"name":"(anonymous_1)","decl":{"start":{"line":22,"column":11},"end":{"line":22,"column":12}},"loc":{"start":{"line":22,"column":26},"end":{"line":22,"column":52}},"line":22},"2":{"name":"ResultsPage","decl":{"start":{"line":29,"column":9},"end":{"line":29,"column":20}},"loc":{"start":{"line":29,"column":23},"end":{"line":53,"column":1}},"line":29}},"branchMap":{},"s":{"0":0,"1":0,"2":0,"3":0,"4":0,"5":0},"f":{"0":0,"1":0,"2":0},"b":{}}
,"/Users/amit/amitdir/coding-2024+/dating_myths/src/styles/global.js": {"path":"/Users/amit/amitdir/coding-2024+/dating_myths/src/styles/global.js","statementMap":{"0":{"start":{"line":4,"column":28},"end":{"line":81,"column":1}},"1":{"start":{"line":5,"column":2},"end":{"line":80,"column":4}}},"fnMap":{"0":{"name":"(anonymous_0)","decl":{"start":{"line":4,"column":28},"end":{"line":4,"column":29}},"loc":{"start":{"line":5,"column":2},"end":{"line":80,"column":4}},"line":5}},"branchMap":{},"s":{"0":0,"1":0},"f":{"0":0},"b":{}}
,"/Users/amit/amitdir/coding-2024+/dating_myths/src/utils/animations.js": {"path":"/Users/amit/amitdir/coding-2024+/dating_myths/src/utils/animations.js","statementMap":{"0":{"start":{"line":4,"column":28},"end":{"line":8,"column":1}},"1":{"start":{"line":10,"column":30},"end":{"line":14,"column":1}},"2":{"start":{"line":17,"column":22},"end":{"line":22,"column":1}},"3":{"start":{"line":24,"column":24},"end":{"line":34,"column":1}},"4":{"start":{"line":37,"column":32},"end":{"line":46,"column":1}},"5":{"start":{"line":49,"column":27},"end":{"line":56,"column":1}},"6":{"start":{"line":58,"column":25},"end":{"line":60,"column":1}},"7":{"start":{"line":63,"column":25},"end":{"line":71,"column":1}},"8":{"start":{"line":74,"column":30},"end":{"line":83,"column":1}},"9":{"start":{"line":86,"column":26},"end":{"line":96,"column":1}},"10":{"start":{"line":99,"column":27},"end":{"line":108,"column":2}},"11":{"start":{"line":99,"column":42},"end":{"line":108,"column":1}},"12":{"start":{"line":110,"column":25},"end":{"line":110,"column":35}}},"fnMap":{"0":{"name":"(anonymous_0)","decl":{"start":{"line":99,"column":27},"end":{"line":99,"column":28}},"loc":{"start":{"line":99,"column":42},"end":{"line":108,"column":1}},"line":99}},"branchMap":{},"s":{"0":0,"1":0,"2":0,"3":0,"4":0,"5":0,"6":0,"7":0,"8":0,"9":0,"10":0,"11":0,"12":0},"f":{"0":0},"b":{}}
,"/Users/amit/amitdir/coding-2024+/dating_myths/src/utils/api.js": {"path":"/Users/amit/amitdir/coding-2024+/dating_myths/src/utils/api.js","statementMap":{"0":{"start":{"line":7,"column":19},"end":{"line":27,"column":1}},"1":{"start":{"line":8,"column":2},"end":{"line":26,"column":3}},"2":{"start":{"line":9,"column":21},"end":{"line":16,"column":6}},"3":{"start":{"line":18,"column":4},"end":{"line":20,"column":5}},"4":{"start":{"line":19,"column":6},"end":{"line":19,"column":64}},"5":{"start":{"line":22,"column":4},"end":{"line":22,"column":33}},"6":{"start":{"line":24,"column":4},"end":{"line":24,"column":48}},"7":{"start":{"line":25,"column":4},"end":{"line":25,"column":16}},"8":{"start":{"line":36,"column":20},"end":{"line":57,"column":1}},"9":{"start":{"line":37,"column":2},"end":{"line":56,"column":3}},"10":{"start":{"line":38,"column":21},"end":{"line":46,"column":6}},"11":{"start":{"line":48,"column":4},"end":{"line":50,"column":5}},"12":{"start":{"line":49,"column":6},"end":{"line":49,"column":64}},"13":{"start":{"line":52,"column":4},"end":{"line":52,"column":33}},"14":{"start":{"line":54,"column":4},"end":{"line":54,"column":49}},"15":{"start":{"line":55,"column":4},"end":{"line":55,"column":16}},"16":{"start":{"line":66,"column":19},"end":{"line":87,"column":1}},"17":{"start":{"line":67,"column":2},"end":{"line":86,"column":3}},"18":{"start":{"line":68,"column":21},"end":{"line":76,"column":6}},"19":{"start":{"line":78,"column":4},"end":{"line":80,"column":5}},"20":{"start":{"line":79,"column":6},"end":{"line":79,"column":64}},"21":{"start":{"line":82,"column":4},"end":{"line":82,"column":33}},"22":{"start":{"line":84,"column":4},"end":{"line":84,"column":48}},"23":{"start":{"line":85,"column":4},"end":{"line":85,"column":16}},"24":{"start":{"line":95,"column":19},"end":{"line":117,"column":1}},"25":{"start":{"line":96,"column":2},"end":{"line":116,"column":3}},"26":{"start":{"line":97,"column":21},"end":{"line":104,"column":6}},"27":{"start":{"line":106,"column":4},"end":{"line":108,"column":5}},"28":{"start":{"line":107,"column":6},"end":{"line":107,"column":64}},"29":{"start":{"line":111,"column":17},"end":{"line":111,"column":38}},"30":{"start":{"line":112,"column":4},"end":{"line":112,"column":40}},"31":{"start":{"line":114,"column":4},"end":{"line":114,"column":51}},"32":{"start":{"line":115,"column":4},"end":{"line":115,"column":16}},"33":{"start":{"line":124,"column":31},"end":{"line":138,"column":1}},"34":{"start":{"line":125,"column":2},"end":{"line":137,"column":4}},"35":{"start":{"line":127,"column":6},"end":{"line":127,"column":43}},"36":{"start":{"line":130,"column":6},"end":{"line":130,"column":50}},"37":{"start":{"line":133,"column":6},"end":{"line":133,"column":49}},"38":{"start":{"line":136,"column":6},"end":{"line":136,"column":43}}},"fnMap":{"0":{"name":"(anonymous_0)","decl":{"start":{"line":7,"column":19},"end":{"line":7,"column":20}},"loc":{"start":{"line":7,"column":48},"end":{"line":27,"column":1}},"line":7},"1":{"name":"(anonymous_1)","decl":{"start":{"line":36,"column":20},"end":{"line":36,"column":21}},"loc":{"start":{"line":36,"column":60},"end":{"line":57,"column":1}},"line":36},"2":{"name":"(anonymous_2)","decl":{"start":{"line":66,"column":19},"end":{"line":66,"column":20}},"loc":{"start":{"line":66,"column":59},"end":{"line":87,"column":1}},"line":66},"3":{"name":"(anonymous_3)","decl":{"start":{"line":95,"column":19},"end":{"line":95,"column":20}},"loc":{"start":{"line":95,"column":48},"end":{"line":117,"column":1}},"line":95},"4":{"name":"(anonymous_4)","decl":{"start":{"line":124,"column":31},"end":{"line":124,"column":32}},"loc":{"start":{"line":124,"column":44},"end":{"line":138,"column":1}},"line":124},"5":{"name":"(anonymous_5)","decl":{"start":{"line":126,"column":9},"end":{"line":126,"column":10}},"loc":{"start":{"line":127,"column":6},"end":{"line":127,"column":43}},"line":127},"6":{"name":"(anonymous_6)","decl":{"start":{"line":129,"column":10},"end":{"line":129,"column":11}},"loc":{"start":{"line":130,"column":6},"end":{"line":130,"column":50}},"line":130},"7":{"name":"(anonymous_7)","decl":{"start":{"line":132,"column":9},"end":{"line":132,"column":10}},"loc":{"start":{"line":133,"column":6},"end":{"line":133,"column":49}},"line":133},"8":{"name":"(anonymous_8)","decl":{"start":{"line":135,"column":12},"end":{"line":135,"column":13}},"loc":{"start":{"line":136,"column":6},"end":{"line":136,"column":43}},"line":136}},"branchMap":{"0":{"loc":{"start":{"line":7,"column":31},"end":{"line":7,"column":43}},"type":"default-arg","locations":[{"start":{"line":7,"column":41},"end":{"line":7,"column":43}}],"line":7},"1":{"loc":{"start":{"line":18,"column":4},"end":{"line":20,"column":5}},"type":"if","locations":[{"start":{"line":18,"column":4},"end":{"line":20,"column":5}},{"start":{},"end":{}}],"line":18},"2":{"loc":{"start":{"line":36,"column":32},"end":{"line":36,"column":41}},"type":"default-arg","locations":[{"start":{"line":36,"column":39},"end":{"line":36,"column":41}}],"line":36},"3":{"loc":{"start":{"line":36,"column":43},"end":{"line":36,"column":55}},"type":"default-arg","locations":[{"start":{"line":36,"column":53},"end":{"line":36,"column":55}}],"line":36},"4":{"loc":{"start":{"line":48,"column":4},"end":{"line":50,"column":5}},"type":"if","locations":[{"start":{"line":48,"column":4},"end":{"line":50,"column":5}},{"start":{},"end":{}}],"line":48},"5":{"loc":{"start":{"line":66,"column":31},"end":{"line":66,"column":40}},"type":"default-arg","locations":[{"start":{"line":66,"column":38},"end":{"line":66,"column":40}}],"line":66},"6":{"loc":{"start":{"line":66,"column":42},"end":{"line":66,"column":54}},"type":"default-arg","locations":[{"start":{"line":66,"column":52},"end":{"line":66,"column":54}}],"line":66},"7":{"loc":{"start":{"line":78,"column":4},"end":{"line":80,"column":5}},"type":"if","locations":[{"start":{"line":78,"column":4},"end":{"line":80,"column":5}},{"start":{},"end":{}}],"line":78},"8":{"loc":{"start":{"line":95,"column":31},"end":{"line":95,"column":43}},"type":"default-arg","locations":[{"start":{"line":95,"column":41},"end":{"line":95,"column":43}}],"line":95},"9":{"loc":{"start":{"line":106,"column":4},"end":{"line":108,"column":5}},"type":"if","locations":[{"start":{"line":106,"column":4},"end":{"line":108,"column":5}},{"start":{},"end":{}}],"line":106},"10":{"loc":{"start":{"line":112,"column":11},"end":{"line":112,"column":39}},"type":"cond-expr","locations":[{"start":{"line":112,"column":18},"end":{"line":112,"column":34}},{"start":{"line":112,"column":37},"end":{"line":112,"column":39}}],"line":112}},"s":{"0":0,"1":0,"2":0,"3":0,"4":0,"5":0,"6":0,"7":0,"8":0,"9":0,"10":0,"11":0,"12":0,"13":0,"14":0,"15":0,"16":0,"17":0,"18":0,"19":0,"20":0,"21":0,"22":0,"23":0,"24":0,"25":0,"26":0,"27":0,"28":0,"29":0,"30":0,"31":0,"32":0,"33":0,"34":0,"35":0,"36":0,"37":0,"38":0},"f":{"0":0,"1":0,"2":0,"3":0,"4":0,"5":0,"6":0,"7":0,"8":0},"b":{"0":[0],"1":[0,0],"2":[0],"3":[0],"4":[0,0],"5":[0],"6":[0],"7":[0,0],"8":[0],"9":[0,0],"10":[0,0]}}
,"/Users/amit/amitdir/coding-2024+/dating_myths/src/utils/format.js": {"path":"/Users/amit/amitdir/coding-2024+/dating_myths/src/utils/format.js","statementMap":{"0":{"start":{"line":6,"column":26},"end":{"line":9,"column":1}},"1":{"start":{"line":7,"column":2},"end":{"line":7,"column":22}},"2":{"start":{"line":7,"column":12},"end":{"line":7,"column":22}},"3":{"start":{"line":8,"column":2},"end":{"line":8,"column":52}},"4":{"start":{"line":16,"column":28},"end":{"line":18,"column":1}},"5":{"start":{"line":17,"column":2},"end":{"line":17,"column":62}},"6":{"start":{"line":27,"column":24},"end":{"line":30,"column":1}},"7":{"start":{"line":28,"column":2},"end":{"line":28,"column":50}},"8":{"start":{"line":28,"column":39},"end":{"line":28,"column":50}},"9":{"start":{"line":29,"column":2},"end":{"line":29,"column":48}},"10":{"start":{"line":37,"column":27},"end":{"line":42,"column":1}},"11":{"start":{"line":38,"column":2},"end":{"line":41,"column":19}},"12":{"start":{"line":49,"column":27},"end":{"line":55,"column":1}},"13":{"start":{"line":50,"column":2},"end":{"line":54,"column":28}},"14":{"start":{"line":52,"column":6},"end":{"line":52,"column":67}},"15":{"start":{"line":62,"column":28},"end":{"line":67,"column":1}},"16":{"start":{"line":63,"column":2},"end":{"line":66,"column":14}},"17":{"start":{"line":65,"column":16},"end":{"line":65,"column":68}},"18":{"start":{"line":74,"column":27},"end":{"line":79,"column":1}},"19":{"start":{"line":75,"column":2},"end":{"line":78,"column":12}},"20":{"start":{"line":77,"column":26},"end":{"line":77,"column":41}},"21":{"start":{"line":88,"column":26},"end":{"line":98,"column":1}},"22":{"start":{"line":89,"column":25},"end":{"line":94,"column":3}},"23":{"start":{"line":96,"column":18},"end":{"line":96,"column":66}},"24":{"start":{"line":97,"column":2},"end":{"line":97,"column":60}},"25":{"start":{"line":107,"column":30},"end":{"line":112,"column":1}},"26":{"start":{"line":108,"column":2},"end":{"line":111,"column":20}},"27":{"start":{"line":120,"column":32},"end":{"line":123,"column":1}},"28":{"start":{"line":121,"column":21},"end":{"line":121,"column":32}},"29":{"start":{"line":122,"column":2},"end":{"line":122,"column":49}},"30":{"start":{"line":130,"column":36},"end":{"line":137,"column":1}},"31":{"start":{"line":131,"column":16},"end":{"line":131,"column":80}},"32":{"start":{"line":132,"column":15},"end":{"line":132,"column":17}},"33":{"start":{"line":133,"column":2},"end":{"line":135,"column":3}},"34":{"start":{"line":133,"column":15},"end":{"line":133,"column":16}},"35":{"start":{"line":134,"column":4},"end":{"line":134,"column":69}},"36":{"start":{"line":136,"column":2},"end":{"line":136,"column":16}},"37":{"start":{"line":144,"column":22},"end":{"line":151,"column":1}},"38":{"start":{"line":145,"column":2},"end":{"line":150,"column":26}},"39":{"start":{"line":158,"column":25},"end":{"line":161,"column":1}},"40":{"start":{"line":159,"column":2},"end":{"line":159,"column":22}},"41":{"start":{"line":159,"column":12},"end":{"line":159,"column":22}},"42":{"start":{"line":160,"column":2},"end":{"line":160,"column":39}}},"fnMap":{"0":{"name":"(anonymous_0)","decl":{"start":{"line":6,"column":26},"end":{"line":6,"column":27}},"loc":{"start":{"line":6,"column":35},"end":{"line":9,"column":1}},"line":6},"1":{"name":"(anonymous_1)","decl":{"start":{"line":16,"column":28},"end":{"line":16,"column":29}},"loc":{"start":{"line":16,"column":37},"end":{"line":18,"column":1}},"line":16},"2":{"name":"(anonymous_2)","decl":{"start":{"line":27,"column":24},"end":{"line":27,"column":25}},"loc":{"start":{"line":27,"column":62},"end":{"line":30,"column":1}},"line":27},"3":{"name":"(anonymous_3)","decl":{"start":{"line":37,"column":27},"end":{"line":37,"column":28}},"loc":{"start":{"line":37,"column":36},"end":{"line":42,"column":1}},"line":37},"4":{"name":"(anonymous_4)","decl":{"start":{"line":49,"column":27},"end":{"line":49,"column":28}},"loc":{"start":{"line":49,"column":36},"end":{"line":55,"column":1}},"line":49},"5":{"name":"(anonymous_5)","decl":{"start":{"line":51,"column":36},"end":{"line":51,"column":37}},"loc":{"start":{"line":51,"column":53},"end":{"line":53,"column":5}},"line":51},"6":{"name":"(anonymous_6)","decl":{"start":{"line":62,"column":28},"end":{"line":62,"column":29}},"loc":{"start":{"line":62,"column":37},"end":{"line":67,"column":1}},"line":62},"7":{"name":"(anonymous_7)","decl":{"start":{"line":65,"column":9},"end":{"line":65,"column":10}},"loc":{"start":{"line":65,"column":16},"end":{"line":65,"column":68}},"line":65},"8":{"name":"(anonymous_8)","decl":{"start":{"line":74,"column":27},"end":{"line":74,"column":28}},"loc":{"start":{"line":74,"column":36},"end":{"line":79,"column":1}},"line":74},"9":{"name":"(anonymous_9)","decl":{"start":{"line":77,"column":19},"end":{"line":77,"column":20}},"loc":{"start":{"line":77,"column":26},"end":{"line":77,"column":41}},"line":77},"10":{"name":"(anonymous_10)","decl":{"start":{"line":88,"column":26},"end":{"line":88,"column":27}},"loc":{"start":{"line":88,"column":68},"end":{"line":98,"column":1}},"line":88},"11":{"name":"(anonymous_11)","decl":{"start":{"line":107,"column":30},"end":{"line":107,"column":31}},"loc":{"start":{"line":107,"column":78},"end":{"line":112,"column":1}},"line":107},"12":{"name":"(anonymous_12)","decl":{"start":{"line":120,"column":32},"end":{"line":120,"column":33}},"loc":{"start":{"line":120,"column":62},"end":{"line":123,"column":1}},"line":120},"13":{"name":"(anonymous_13)","decl":{"start":{"line":130,"column":36},"end":{"line":130,"column":37}},"loc":{"start":{"line":130,"column":52},"end":{"line":137,"column":1}},"line":130},"14":{"name":"(anonymous_14)","decl":{"start":{"line":144,"column":22},"end":{"line":144,"column":23}},"loc":{"start":{"line":144,"column":31},"end":{"line":151,"column":1}},"line":144},"15":{"name":"(anonymous_15)","decl":{"start":{"line":158,"column":25},"end":{"line":158,"column":26}},"loc":{"start":{"line":158,"column":34},"end":{"line":161,"column":1}},"line":158}},"branchMap":{"0":{"loc":{"start":{"line":7,"column":2},"end":{"line":7,"column":22}},"type":"if","locations":[{"start":{"line":7,"column":2},"end":{"line":7,"column":22}},{"start":{},"end":{}}],"line":7},"1":{"loc":{"start":{"line":27,"column":41},"end":{"line":27,"column":57}},"type":"default-arg","locations":[{"start":{"line":27,"column":52},"end":{"line":27,"column":57}}],"line":27},"2":{"loc":{"start":{"line":28,"column":2},"end":{"line":28,"column":50}},"type":"if","locations":[{"start":{"line":28,"column":2},"end":{"line":28,"column":50}},{"start":{},"end":{}}],"line":28},"3":{"loc":{"start":{"line":28,"column":6},"end":{"line":28,"column":37}},"type":"binary-expr","locations":[{"start":{"line":28,"column":6},"end":{"line":28,"column":10}},{"start":{"line":28,"column":14},"end":{"line":28,"column":37}}],"line":28},"4":{"loc":{"start":{"line":52,"column":13},"end":{"line":52,"column":66}},"type":"cond-expr","locations":[{"start":{"line":52,"column":27},"end":{"line":52,"column":45}},{"start":{"line":52,"column":48},"end":{"line":52,"column":66}}],"line":52},"5":{"loc":{"start":{"line":88,"column":33},"end":{"line":88,"column":49}},"type":"default-arg","locations":[{"start":{"line":88,"column":42},"end":{"line":88,"column":49}}],"line":88},"6":{"loc":{"start":{"line":88,"column":51},"end":{"line":88,"column":63}},"type":"default-arg","locations":[{"start":{"line":88,"column":61},"end":{"line":88,"column":63}}],"line":88},"7":{"loc":{"start":{"line":96,"column":18},"end":{"line":96,"column":66}},"type":"cond-expr","locations":[{"start":{"line":96,"column":45},"end":{"line":96,"column":59}},{"start":{"line":96,"column":62},"end":{"line":96,"column":66}}],"line":96},"8":{"loc":{"start":{"line":107,"column":39},"end":{"line":107,"column":55}},"type":"default-arg","locations":[{"start":{"line":107,"column":50},"end":{"line":107,"column":55}}],"line":107},"9":{"loc":{"start":{"line":107,"column":57},"end":{"line":107,"column":73}},"type":"default-arg","locations":[{"start":{"line":107,"column":66},"end":{"line":107,"column":73}}],"line":107},"10":{"loc":{"start":{"line":120,"column":40},"end":{"line":120,"column":57}},"type":"default-arg","locations":[{"start":{"line":120,"column":56},"end":{"line":120,"column":57}}],"line":120},"11":{"loc":{"start":{"line":130,"column":37},"end":{"line":130,"column":47}},"type":"default-arg","locations":[{"start":{"line":130,"column":46},"end":{"line":130,"column":47}}],"line":130},"12":{"loc":{"start":{"line":159,"column":2},"end":{"line":159,"column":22}},"type":"if","locations":[{"start":{"line":159,"column":2},"end":{"line":159,"column":22}},{"start":{},"end":{}}],"line":159}},"s":{"0":0,"1":0,"2":0,"3":0,"4":0,"5":0,"6":0,"7":0,"8":0,"9":0,"10":0,"11":0,"12":0,"13":0,"14":0,"15":0,"16":0,"17":0,"18":0,"19":0,"20":0,"21":0,"22":0,"23":0,"24":0,"25":0,"26":0,"27":0,"28":0,"29":0,"30":0,"31":0,"32":0,"33":0,"34":0,"35":0,"36":0,"37":0,"38":0,"39":0,"40":0,"41":0,"42":0},"f":{"0":0,"1":0,"2":0,"3":0,"4":0,"5":0,"6":0,"7":0,"8":0,"9":0,"10":0,"11":0,"12":0,"13":0,"14":0,"15":0},"b":{"0":[0,0],"1":[0],"2":[0,0],"3":[0,0],"4":[0,0],"5":[0],"6":[0],"7":[0,0],"8":[0],"9":[0],"10":[0],"11":[0],"12":[0,0]}}
,"/Users/amit/amitdir/coding-2024+/dating_myths/src/utils/index.js": {"path":"/Users/amit/amitdir/coding-2024+/dating_myths/src/utils/index.js","statementMap":{},"fnMap":{},"branchMap":{},"s":{},"f":{},"b":{}}
,"/Users/amit/amitdir/coding-2024+/dating_myths/src/utils/storage.js": {"path":"/Users/amit/amitdir/coding-2024+/dating_myths/src/utils/storage.js","statementMap":{"0":{"start":{"line":7,"column":34},"end":{"line":16,"column":1}},"1":{"start":{"line":8,"column":2},"end":{"line":15,"column":3}},"2":{"start":{"line":9,"column":28},"end":{"line":9,"column":49}},"3":{"start":{"line":10,"column":4},"end":{"line":10,"column":47}},"4":{"start":{"line":11,"column":4},"end":{"line":11,"column":16}},"5":{"start":{"line":13,"column":4},"end":{"line":13,"column":58}},"6":{"start":{"line":14,"column":4},"end":{"line":14,"column":17}},"7":{"start":{"line":24,"column":35},"end":{"line":35,"column":1}},"8":{"start":{"line":25,"column":2},"end":{"line":34,"column":3}},"9":{"start":{"line":26,"column":28},"end":{"line":26,"column":53}},"10":{"start":{"line":27,"column":4},"end":{"line":29,"column":5}},"11":{"start":{"line":28,"column":6},"end":{"line":28,"column":26}},"12":{"start":{"line":30,"column":4},"end":{"line":30,"column":39}},"13":{"start":{"line":32,"column":4},"end":{"line":32,"column":61}},"14":{"start":{"line":33,"column":4},"end":{"line":33,"column":24}},"15":{"start":{"line":42,"column":38},"end":{"line":50,"column":1}},"16":{"start":{"line":43,"column":2},"end":{"line":49,"column":3}},"17":{"start":{"line":44,"column":4},"end":{"line":44,"column":33}},"18":{"start":{"line":45,"column":4},"end":{"line":45,"column":16}},"19":{"start":{"line":47,"column":4},"end":{"line":47,"column":62}},"20":{"start":{"line":48,"column":4},"end":{"line":48,"column":17}},"21":{"start":{"line":56,"column":33},"end":{"line":64,"column":1}},"22":{"start":{"line":57,"column":2},"end":{"line":63,"column":3}},"23":{"start":{"line":58,"column":4},"end":{"line":58,"column":25}},"24":{"start":{"line":59,"column":4},"end":{"line":59,"column":16}},"25":{"start":{"line":61,"column":4},"end":{"line":61,"column":57}},"26":{"start":{"line":62,"column":4},"end":{"line":62,"column":17}},"27":{"start":{"line":72,"column":36},"end":{"line":81,"column":1}},"28":{"start":{"line":73,"column":2},"end":{"line":80,"column":3}},"29":{"start":{"line":74,"column":28},"end":{"line":74,"column":49}},"30":{"start":{"line":75,"column":4},"end":{"line":75,"column":49}},"31":{"start":{"line":76,"column":4},"end":{"line":76,"column":16}},"32":{"start":{"line":78,"column":4},"end":{"line":78,"column":60}},"33":{"start":{"line":79,"column":4},"end":{"line":79,"column":17}},"34":{"start":{"line":89,"column":37},"end":{"line":100,"column":1}},"35":{"start":{"line":90,"column":2},"end":{"line":99,"column":3}},"36":{"start":{"line":91,"column":28},"end":{"line":91,"column":55}},"37":{"start":{"line":92,"column":4},"end":{"line":94,"column":5}},"38":{"start":{"line":93,"column":6},"end":{"line":93,"column":26}},"39":{"start":{"line":95,"column":4},"end":{"line":95,"column":39}},"40":{"start":{"line":97,"column":4},"end":{"line":97,"column":63}},"41":{"start":{"line":98,"column":4},"end":{"line":98,"column":24}},"42":{"start":{"line":107,"column":40},"end":{"line":115,"column":1}},"43":{"start":{"line":108,"column":2},"end":{"line":114,"column":3}},"44":{"start":{"line":109,"column":4},"end":{"line":109,"column":35}},"45":{"start":{"line":110,"column":4},"end":{"line":110,"column":16}},"46":{"start":{"line":112,"column":4},"end":{"line":112,"column":64}},"47":{"start":{"line":113,"column":4},"end":{"line":113,"column":17}},"48":{"start":{"line":121,"column":35},"end":{"line":129,"column":1}},"49":{"start":{"line":122,"column":2},"end":{"line":128,"column":3}},"50":{"start":{"line":123,"column":4},"end":{"line":123,"column":27}},"51":{"start":{"line":124,"column":4},"end":{"line":124,"column":16}},"52":{"start":{"line":126,"column":4},"end":{"line":126,"column":59}},"53":{"start":{"line":127,"column":4},"end":{"line":127,"column":17}}},"fnMap":{"0":{"name":"(anonymous_0)","decl":{"start":{"line":7,"column":34},"end":{"line":7,"column":35}},"loc":{"start":{"line":7,"column":50},"end":{"line":16,"column":1}},"line":7},"1":{"name":"(anonymous_1)","decl":{"start":{"line":24,"column":35},"end":{"line":24,"column":36}},"loc":{"start":{"line":24,"column":65},"end":{"line":35,"column":1}},"line":24},"2":{"name":"(anonymous_2)","decl":{"start":{"line":42,"column":38},"end":{"line":42,"column":39}},"loc":{"start":{"line":42,"column":47},"end":{"line":50,"column":1}},"line":42},"3":{"name":"(anonymous_3)","decl":{"start":{"line":56,"column":33},"end":{"line":56,"column":34}},"loc":{"start":{"line":56,"column":39},"end":{"line":64,"column":1}},"line":56},"4":{"name":"(anonymous_4)","decl":{"start":{"line":72,"column":36},"end":{"line":72,"column":37}},"loc":{"start":{"line":72,"column":52},"end":{"line":81,"column":1}},"line":72},"5":{"name":"(anonymous_5)","decl":{"start":{"line":89,"column":37},"end":{"line":89,"column":38}},"loc":{"start":{"line":89,"column":67},"end":{"line":100,"column":1}},"line":89},"6":{"name":"(anonymous_6)","decl":{"start":{"line":107,"column":40},"end":{"line":107,"column":41}},"loc":{"start":{"line":107,"column":49},"end":{"line":115,"column":1}},"line":107},"7":{"name":"(anonymous_7)","decl":{"start":{"line":121,"column":35},"end":{"line":121,"column":36}},"loc":{"start":{"line":121,"column":41},"end":{"line":129,"column":1}},"line":121}},"branchMap":{"0":{"loc":{"start":{"line":24,"column":41},"end":{"line":24,"column":60}},"type":"default-arg","locations":[{"start":{"line":24,"column":56},"end":{"line":24,"column":60}}],"line":24},"1":{"loc":{"start":{"line":27,"column":4},"end":{"line":29,"column":5}},"type":"if","locations":[{"start":{"line":27,"column":4},"end":{"line":29,"column":5}},{"start":{},"end":{}}],"line":27},"2":{"loc":{"start":{"line":89,"column":43},"end":{"line":89,"column":62}},"type":"default-arg","locations":[{"start":{"line":89,"column":58},"end":{"line":89,"column":62}}],"line":89},"3":{"loc":{"start":{"line":92,"column":4},"end":{"line":94,"column":5}},"type":"if","locations":[{"start":{"line":92,"column":4},"end":{"line":94,"column":5}},{"start":{},"end":{}}],"line":92}},"s":{"0":0,"1":0,"2":0,"3":0,"4":0,"5":0,"6":0,"7":0,"8":0,"9":0,"10":0,"11":0,"12":0,"13":0,"14":0,"15":0,"16":0,"17":0,"18":0,"19":0,"20":0,"21":0,"22":0,"23":0,"24":0,"25":0,"26":0,"27":0,"28":0,"29":0,"30":0,"31":0,"32":0,"33":0,"34":0,"35":0,"36":0,"37":0,"38":0,"39":0,"40":0,"41":0,"42":0,"43":0,"44":0,"45":0,"46":0,"47":0,"48":0,"49":0,"50":0,"51":0,"52":0,"53":0},"f":{"0":0,"1":0,"2":0,"3":0,"4":0,"5":0,"6":0,"7":0},"b":{"0":[0],"1":[0,0],"2":[0],"3":[0,0]}}
,"/Users/amit/amitdir/coding-2024+/dating_myths/src/utils/validation.js": {"path":"/Users/amit/amitdir/coding-2024+/dating_myths/src/utils/validation.js","statementMap":{"0":{"start":{"line":6,"column":26},"end":{"line":8,"column":1}},"1":{"start":{"line":7,"column":2},"end":{"line":7,"column":29}},"2":{"start":{"line":16,"column":25},"end":{"line":18,"column":1}},"3":{"start":{"line":17,"column":2},"end":{"line":17,"column":35}},"4":{"start":{"line":26,"column":25},"end":{"line":28,"column":1}},"5":{"start":{"line":27,"column":2},"end":{"line":27,"column":35}},"6":{"start":{"line":36,"column":30},"end":{"line":38,"column":1}},"7":{"start":{"line":37,"column":2},"end":{"line":37,"column":29}},"8":{"start":{"line":45,"column":23},"end":{"line":48,"column":1}},"9":{"start":{"line":46,"column":21},"end":{"line":46,"column":49}},"10":{"start":{"line":47,"column":2},"end":{"line":47,"column":32}},"11":{"start":{"line":55,"column":21},"end":{"line":62,"column":1}},"12":{"start":{"line":56,"column":2},"end":{"line":61,"column":3}},"13":{"start":{"line":57,"column":4},"end":{"line":57,"column":17}},"14":{"start":{"line":58,"column":4},"end":{"line":58,"column":16}},"15":{"start":{"line":60,"column":4},"end":{"line":60,"column":17}},"16":{"start":{"line":69,"column":24},"end":{"line":71,"column":1}},"17":{"start":{"line":70,"column":2},"end":{"line":70,"column":54}},"18":{"start":{"line":80,"column":25},"end":{"line":83,"column":1}},"19":{"start":{"line":81,"column":14},"end":{"line":81,"column":31}},"20":{"start":{"line":82,"column":2},"end":{"line":82,"column":34}},"21":{"start":{"line":90,"column":31},"end":{"line":100,"column":1}},"22":{"start":{"line":91,"column":2},"end":{"line":99,"column":4}},"23":{"start":{"line":92,"column":4},"end":{"line":97,"column":5}},"24":{"start":{"line":93,"column":21},"end":{"line":93,"column":37}},"25":{"start":{"line":94,"column":6},"end":{"line":96,"column":7}},"26":{"start":{"line":95,"column":8},"end":{"line":95,"column":22}},"27":{"start":{"line":98,"column":4},"end":{"line":98,"column":16}},"28":{"start":{"line":107,"column":39},"end":{"line":114,"column":1}},"29":{"start":{"line":108,"column":2},"end":{"line":113,"column":4}},"30":{"start":{"line":109,"column":4},"end":{"line":111,"column":5}},"31":{"start":{"line":110,"column":6},"end":{"line":110,"column":40}},"32":{"start":{"line":112,"column":4},"end":{"line":112,"column":16}},"33":{"start":{"line":122,"column":40},"end":{"line":129,"column":1}},"34":{"start":{"line":123,"column":2},"end":{"line":128,"column":4}},"35":{"start":{"line":124,"column":4},"end":{"line":126,"column":5}},"36":{"start":{"line":125,"column":6},"end":{"line":125,"column":68}},"37":{"start":{"line":127,"column":4},"end":{"line":127,"column":16}},"38":{"start":{"line":137,"column":40},"end":{"line":144,"column":1}},"39":{"start":{"line":138,"column":2},"end":{"line":143,"column":4}},"40":{"start":{"line":139,"column":4},"end":{"line":141,"column":5}},"41":{"start":{"line":140,"column":6},"end":{"line":140,"column":72}},"42":{"start":{"line":142,"column":4},"end":{"line":142,"column":16}},"43":{"start":{"line":151,"column":36},"end":{"line":158,"column":1}},"44":{"start":{"line":152,"column":2},"end":{"line":157,"column":4}},"45":{"start":{"line":153,"column":4},"end":{"line":155,"column":5}},"46":{"start":{"line":154,"column":6},"end":{"line":154,"column":63}},"47":{"start":{"line":156,"column":4},"end":{"line":156,"column":16}}},"fnMap":{"0":{"name":"(anonymous_0)","decl":{"start":{"line":6,"column":26},"end":{"line":6,"column":27}},"loc":{"start":{"line":6,"column":37},"end":{"line":8,"column":1}},"line":6},"1":{"name":"(anonymous_1)","decl":{"start":{"line":16,"column":25},"end":{"line":16,"column":26}},"loc":{"start":{"line":16,"column":47},"end":{"line":18,"column":1}},"line":16},"2":{"name":"(anonymous_2)","decl":{"start":{"line":26,"column":25},"end":{"line":26,"column":26}},"loc":{"start":{"line":26,"column":47},"end":{"line":28,"column":1}},"line":26},"3":{"name":"(anonymous_3)","decl":{"start":{"line":36,"column":30},"end":{"line":36,"column":31}},"loc":{"start":{"line":36,"column":50},"end":{"line":38,"column":1}},"line":36},"4":{"name":"(anonymous_4)","decl":{"start":{"line":45,"column":23},"end":{"line":45,"column":24}},"loc":{"start":{"line":45,"column":34},"end":{"line":48,"column":1}},"line":45},"5":{"name":"(anonymous_5)","decl":{"start":{"line":55,"column":21},"end":{"line":55,"column":22}},"loc":{"start":{"line":55,"column":30},"end":{"line":62,"column":1}},"line":55},"6":{"name":"(anonymous_6)","decl":{"start":{"line":69,"column":24},"end":{"line":69,"column":25}},"loc":{"start":{"line":69,"column":35},"end":{"line":71,"column":1}},"line":69},"7":{"name":"(anonymous_7)","decl":{"start":{"line":80,"column":25},"end":{"line":80,"column":26}},"loc":{"start":{"line":80,"column":46},"end":{"line":83,"column":1}},"line":80},"8":{"name":"(anonymous_8)","decl":{"start":{"line":90,"column":31},"end":{"line":90,"column":32}},"loc":{"start":{"line":90,"column":47},"end":{"line":100,"column":1}},"line":90},"9":{"name":"(anonymous_9)","decl":{"start":{"line":91,"column":9},"end":{"line":91,"column":10}},"loc":{"start":{"line":91,"column":20},"end":{"line":99,"column":3}},"line":91},"10":{"name":"(anonymous_10)","decl":{"start":{"line":107,"column":39},"end":{"line":107,"column":40}},"loc":{"start":{"line":107,"column":54},"end":{"line":114,"column":1}},"line":107},"11":{"name":"(anonymous_11)","decl":{"start":{"line":108,"column":9},"end":{"line":108,"column":10}},"loc":{"start":{"line":108,"column":20},"end":{"line":113,"column":3}},"line":108},"12":{"name":"(anonymous_12)","decl":{"start":{"line":122,"column":40},"end":{"line":122,"column":41}},"loc":{"start":{"line":122,"column":60},"end":{"line":129,"column":1}},"line":122},"13":{"name":"(anonymous_13)","decl":{"start":{"line":123,"column":9},"end":{"line":123,"column":10}},"loc":{"start":{"line":123,"column":20},"end":{"line":128,"column":3}},"line":123},"14":{"name":"(anonymous_14)","decl":{"start":{"line":137,"column":40},"end":{"line":137,"column":41}},"loc":{"start":{"line":137,"column":60},"end":{"line":144,"column":1}},"line":137},"15":{"name":"(anonymous_15)","decl":{"start":{"line":138,"column":9},"end":{"line":138,"column":10}},"loc":{"start":{"line":138,"column":20},"end":{"line":143,"column":3}},"line":138},"16":{"name":"(anonymous_16)","decl":{"start":{"line":151,"column":36},"end":{"line":151,"column":37}},"loc":{"start":{"line":151,"column":51},"end":{"line":158,"column":1}},"line":151},"17":{"name":"(anonymous_17)","decl":{"start":{"line":152,"column":9},"end":{"line":152,"column":10}},"loc":{"start":{"line":152,"column":20},"end":{"line":157,"column":3}},"line":152}},"branchMap":{"0":{"loc":{"start":{"line":70,"column":9},"end":{"line":70,"column":53}},"type":"binary-expr","locations":[{"start":{"line":70,"column":9},"end":{"line":70,"column":34}},{"start":{"line":70,"column":38},"end":{"line":70,"column":53}}],"line":70},"1":{"loc":{"start":{"line":82,"column":9},"end":{"line":82,"column":33}},"type":"binary-expr","locations":[{"start":{"line":82,"column":9},"end":{"line":82,"column":19}},{"start":{"line":82,"column":23},"end":{"line":82,"column":33}}],"line":82},"2":{"loc":{"start":{"line":94,"column":6},"end":{"line":96,"column":7}},"type":"if","locations":[{"start":{"line":94,"column":6},"end":{"line":96,"column":7}},{"start":{},"end":{}}],"line":94},"3":{"loc":{"start":{"line":109,"column":4},"end":{"line":111,"column":5}},"type":"if","locations":[{"start":{"line":109,"column":4},"end":{"line":111,"column":5}},{"start":{},"end":{}}],"line":109},"4":{"loc":{"start":{"line":124,"column":4},"end":{"line":126,"column":5}},"type":"if","locations":[{"start":{"line":124,"column":4},"end":{"line":126,"column":5}},{"start":{},"end":{}}],"line":124},"5":{"loc":{"start":{"line":139,"column":4},"end":{"line":141,"column":5}},"type":"if","locations":[{"start":{"line":139,"column":4},"end":{"line":141,"column":5}},{"start":{},"end":{}}],"line":139},"6":{"loc":{"start":{"line":153,"column":4},"end":{"line":155,"column":5}},"type":"if","locations":[{"start":{"line":153,"column":4},"end":{"line":155,"column":5}},{"start":{},"end":{}}],"line":153}},"s":{"0":0,"1":0,"2":0,"3":0,"4":0,"5":0,"6":0,"7":0,"8":0,"9":0,"10":0,"11":0,"12":0,"13":0,"14":0,"15":0,"16":0,"17":0,"18":0,"19":0,"20":0,"21":0,"22":0,"23":0,"24":0,"25":0,"26":0,"27":0,"28":0,"29":0,"30":0,"31":0,"32":0,"33":0,"34":0,"35":0,"36":0,"37":0,"38":0,"39":0,"40":0,"41":0,"42":0,"43":0,"44":0,"45":0,"46":0,"47":0},"f":{"0":0,"1":0,"2":0,"3":0,"4":0,"5":0,"6":0,"7":0,"8":0,"9":0,"10":0,"11":0,"12":0,"13":0,"14":0,"15":0,"16":0,"17":0},"b":{"0":[0,0],"1":[0,0],"2":[0,0],"3":[0,0],"4":[0,0],"5":[0,0],"6":[0,0]}}
}
