TN:
SF:src/App.jsx
FN:9,(anonymous_0)
FN:10,(anonymous_1)
FN:11,(anonymous_2)
FN:15,App
FNF:4
FNH:4
FNDA:2,(anonymous_0)
FNDA:2,(anonymous_1)
FNDA:2,(anonymous_2)
FNDA:2,App
DA:4,1
DA:9,2
DA:10,2
DA:11,2
DA:16,2
LF:5
LH:5
BRF:0
BRH:0
end_of_record
TN:
SF:src/main.jsx
FNF:0
FNH:0
DA:10,0
DA:11,0
DA:13,0
LF:3
LH:0
BRF:0
BRH:0
end_of_record
TN:
SF:src/theme.js
FNF:0
FNH:0
DA:1,1
LF:1
LH:1
BRF:0
BRH:0
end_of_record
TN:
SF:src/components/index.js
FNF:0
FNH:0
LF:0
LH:0
BRF:0
BRH:0
end_of_record
TN:
SF:src/components/layout/Layout.jsx
FN:15,(anonymous_0)
FN:31,(anonymous_1)
FN:39,(anonymous_2)
FN:40,(anonymous_3)
FN:44,(anonymous_4)
FN:53,(anonymous_5)
FNF:6
FNH:0
FNDA:0,(anonymous_0)
FNDA:0,(anonymous_1)
FNDA:0,(anonymous_2)
FNDA:0,(anonymous_3)
FNDA:0,(anonymous_4)
FNDA:0,(anonymous_5)
DA:6,0
DA:12,0
DA:15,0
DA:24,0
DA:31,0
DA:36,0
DA:39,0
DA:40,0
DA:44,0
DA:53,0
DA:54,0
LF:11
LH:0
BRF:0
BRH:0
end_of_record
TN:
SF:src/components/svgs/Lotus.jsx
FN:10,(anonymous_0)
FN:14,(anonymous_1)
FNF:2
FNH:0
FNDA:0,(anonymous_0)
FNDA:0,(anonymous_1)
DA:4,0
DA:10,0
DA:14,0
DA:15,0
LF:4
LH:0
BRDA:10,0,0,0
BRDA:10,0,1,0
BRF:2
BRH:0
end_of_record
TN:
SF:src/components/svgs/Rangoli.jsx
FN:10,(anonymous_0)
FN:13,(anonymous_1)
FNF:2
FNH:0
FNDA:0,(anonymous_0)
FNDA:0,(anonymous_1)
DA:4,0
DA:10,0
DA:13,0
DA:14,0
LF:4
LH:0
BRDA:10,0,0,0
BRDA:10,0,1,0
BRF:2
BRH:0
end_of_record
TN:
SF:src/components/svgs/index.js
FNF:0
FNH:0
LF:0
LH:0
BRF:0
BRH:0
end_of_record
TN:
SF:src/components/ui/Card.jsx
FN:5,(anonymous_0)
FN:6,(anonymous_1)
FN:17,(anonymous_2)
FN:23,(anonymous_3)
FN:24,(anonymous_4)
FN:31,(anonymous_5)
FN:32,(anonymous_6)
FN:39,(anonymous_7)
FNF:8
FNH:0
FNDA:0,(anonymous_0)
FNDA:0,(anonymous_1)
FNDA:0,(anonymous_2)
FNDA:0,(anonymous_3)
FNDA:0,(anonymous_4)
FNDA:0,(anonymous_5)
FNDA:0,(anonymous_6)
FNDA:0,(anonymous_7)
DA:4,0
DA:5,0
DA:6,0
DA:17,0
DA:22,0
DA:23,0
DA:24,0
DA:30,0
DA:31,0
DA:32,0
DA:36,0
DA:39,0
LF:12
LH:0
BRF:0
BRH:0
end_of_record
TN:
SF:src/components/ui/ProgressBar.jsx
FN:12,(anonymous_0)
FN:13,(anonymous_1)
FN:18,(anonymous_2)
FN:25,(anonymous_3)
FN:26,(anonymous_4)
FNF:5
FNH:0
FNDA:0,(anonymous_0)
FNDA:0,(anonymous_1)
FNDA:0,(anonymous_2)
FNDA:0,(anonymous_3)
FNDA:0,(anonymous_4)
DA:3,0
DA:8,0
DA:12,0
DA:13,0
DA:16,0
DA:18,0
DA:23,0
DA:25,0
DA:26,0
LF:9
LH:0
BRF:0
BRH:0
end_of_record
TN:
SF:src/components/ui/index.js
FNF:0
FNH:0
LF:0
LH:0
BRF:0
BRH:0
end_of_record
TN:
SF:src/hooks/index.js
FNF:0
FNH:0
LF:0
LH:0
BRF:0
BRH:0
end_of_record
TN:
SF:src/hooks/useForm.js
FN:11,(anonymous_0)
FN:17,(anonymous_1)
FN:28,(anonymous_2)
FN:37,(anonymous_3)
FN:41,(anonymous_4)
FN:58,(anonymous_5)
FN:62,(anonymous_6)
FN:69,(anonymous_7)
FN:81,(anonymous_8)
FN:107,(anonymous_9)
FN:117,(anonymous_10)
FN:118,(anonymous_11)
FN:129,(anonymous_12)
FN:130,(anonymous_13)
FNF:14
FNH:0
FNDA:0,(anonymous_0)
FNDA:0,(anonymous_1)
FNDA:0,(anonymous_2)
FNDA:0,(anonymous_3)
FNDA:0,(anonymous_4)
FNDA:0,(anonymous_5)
FNDA:0,(anonymous_6)
FNDA:0,(anonymous_7)
FNDA:0,(anonymous_8)
FNDA:0,(anonymous_9)
FNDA:0,(anonymous_10)
FNDA:0,(anonymous_11)
FNDA:0,(anonymous_12)
FNDA:0,(anonymous_13)
DA:11,0
DA:12,0
DA:13,0
DA:14,0
DA:17,0
DA:18,0
DA:19,0
DA:28,0
DA:29,0
DA:30,0
DA:37,0
DA:38,0
DA:39,0
DA:41,0
DA:42,0
DA:43,0
DA:44,0
DA:45,0
DA:49,0
DA:50,0
DA:58,0
DA:59,0
DA:60,0
DA:62,0
DA:68,0
DA:69,0
DA:81,0
DA:82,0
DA:83,0
DA:86,0
DA:88,0
DA:89,0
DA:92,0
DA:94,0
DA:95,0
DA:96,0
DA:98,0
DA:100,0
DA:107,0
DA:108,0
DA:109,0
DA:117,0
DA:118,0
DA:129,0
DA:130,0
DA:136,0
LF:46
LH:0
BRDA:11,0,0,0
BRDA:11,1,0,0
BRDA:29,2,0,0
BRDA:29,2,1,0
BRDA:43,3,0,0
BRDA:43,3,1,0
BRDA:59,4,0,0
BRDA:59,4,1,0
BRDA:60,5,0,0
BRDA:60,5,1,0
BRDA:68,6,0,0
BRDA:68,6,1,0
BRDA:82,7,0,0
BRDA:82,7,1,0
BRDA:88,8,0,0
BRDA:88,8,1,0
BRF:16
BRH:0
end_of_record
TN:
SF:src/hooks/useMediaQuery.js
FN:8,(anonymous_0)
FN:11,(anonymous_1)
FN:21,(anonymous_2)
FN:29,(anonymous_3)
FN:41,(anonymous_4)
FN:49,(anonymous_5)
FN:57,(anonymous_6)
FN:65,(anonymous_7)
FN:73,(anonymous_8)
FN:81,(anonymous_9)
FNF:10
FNH:0
FNDA:0,(anonymous_0)
FNDA:0,(anonymous_1)
FNDA:0,(anonymous_2)
FNDA:0,(anonymous_3)
FNDA:0,(anonymous_4)
FNDA:0,(anonymous_5)
FNDA:0,(anonymous_6)
FNDA:0,(anonymous_7)
FNDA:0,(anonymous_8)
FNDA:0,(anonymous_9)
DA:8,0
DA:9,0
DA:11,0
DA:13,0
DA:15,0
DA:18,0
DA:21,0
DA:22,0
DA:26,0
DA:29,0
DA:30,0
DA:34,0
DA:41,0
DA:42,0
DA:49,0
DA:50,0
DA:57,0
DA:58,0
DA:65,0
DA:66,0
DA:73,0
DA:74,0
DA:81,0
DA:82,0
LF:24
LH:0
BRDA:13,0,0,0
BRDA:13,0,1,0
BRF:2
BRH:0
end_of_record
TN:
SF:src/hooks/useScroll.js
FN:9,(anonymous_0)
FN:16,(anonymous_1)
FN:25,(anonymous_2)
FN:32,(anonymous_3)
FN:42,(anonymous_4)
FN:64,(anonymous_5)
FN:72,(anonymous_6)
FNF:7
FNH:0
FNDA:0,(anonymous_0)
FNDA:0,(anonymous_1)
FNDA:0,(anonymous_2)
FNDA:0,(anonymous_3)
FNDA:0,(anonymous_4)
FNDA:0,(anonymous_5)
FNDA:0,(anonymous_6)
DA:9,0
DA:10,0
DA:11,0
DA:12,0
DA:13,0
DA:14,0
DA:16,0
DA:18,0
DA:19,0
DA:22,0
DA:25,0
DA:26,0
DA:27,0
DA:28,0
DA:32,0
DA:34,0
DA:35,0
DA:36,0
DA:39,0
DA:42,0
DA:43,0
DA:47,0
DA:64,0
DA:70,0
DA:72,0
DA:73,0
DA:76,0
DA:77,0
DA:78,0
DA:79,0
DA:81,0
DA:84,0
DA:85,0
DA:92,0
DA:96,0
LF:35
LH:0
BRDA:9,0,0,0
BRDA:10,1,0,0
BRDA:26,2,0,0
BRDA:26,2,1,0
BRDA:27,3,0,0
BRDA:27,3,1,0
BRDA:64,4,0,0
BRDA:66,5,0,0
BRDA:67,6,0,0
BRDA:68,7,0,0
BRDA:69,8,0,0
BRDA:76,9,0,0
BRDA:76,9,1,0
BRDA:78,10,0,0
BRDA:78,10,1,0
BRDA:84,11,0,0
BRDA:84,11,1,0
BRF:17
BRH:0
end_of_record
TN:
SF:src/pages/QuizPage.jsx
FN:9,(anonymous_0)
FN:15,(anonymous_1)
FN:22,(anonymous_2)
FN:30,(anonymous_3)
FN:38,(anonymous_4)
FN:44,QuizPage
FNF:6
FNH:0
FNDA:0,(anonymous_0)
FNDA:0,(anonymous_1)
FNDA:0,(anonymous_2)
FNDA:0,(anonymous_3)
FNDA:0,(anonymous_4)
FNDA:0,QuizPage
DA:5,0
DA:9,0
DA:14,0
DA:15,0
DA:21,0
DA:22,0
DA:29,0
DA:30,0
DA:37,0
DA:38,0
DA:45,0
LF:11
LH:0
BRF:0
BRH:0
end_of_record
TN:
SF:src/pages/ResultsPage.jsx
FN:15,(anonymous_0)
FN:22,(anonymous_1)
FN:29,ResultsPage
FNF:3
FNH:0
FNDA:0,(anonymous_0)
FNDA:0,(anonymous_1)
FNDA:0,ResultsPage
DA:5,0
DA:14,0
DA:15,0
DA:21,0
DA:22,0
DA:30,0
LF:6
LH:0
BRF:0
BRH:0
end_of_record
TN:
SF:src/styles/global.js
FN:4,(anonymous_0)
FNF:1
FNH:0
FNDA:0,(anonymous_0)
DA:4,0
DA:5,0
LF:2
LH:0
BRF:0
BRH:0
end_of_record
TN:
SF:src/utils/animations.js
FN:99,(anonymous_0)
FNF:1
FNH:0
FNDA:0,(anonymous_0)
DA:4,0
DA:10,0
DA:17,0
DA:24,0
DA:37,0
DA:49,0
DA:58,0
DA:63,0
DA:74,0
DA:86,0
DA:99,0
DA:110,0
LF:12
LH:0
BRF:0
BRH:0
end_of_record
TN:
SF:src/utils/api.js
FN:7,(anonymous_0)
FN:36,(anonymous_1)
FN:66,(anonymous_2)
FN:95,(anonymous_3)
FN:124,(anonymous_4)
FN:126,(anonymous_5)
FN:129,(anonymous_6)
FN:132,(anonymous_7)
FN:135,(anonymous_8)
FNF:9
FNH:0
FNDA:0,(anonymous_0)
FNDA:0,(anonymous_1)
FNDA:0,(anonymous_2)
FNDA:0,(anonymous_3)
FNDA:0,(anonymous_4)
FNDA:0,(anonymous_5)
FNDA:0,(anonymous_6)
FNDA:0,(anonymous_7)
FNDA:0,(anonymous_8)
DA:7,0
DA:8,0
DA:9,0
DA:18,0
DA:19,0
DA:22,0
DA:24,0
DA:25,0
DA:36,0
DA:37,0
DA:38,0
DA:48,0
DA:49,0
DA:52,0
DA:54,0
DA:55,0
DA:66,0
DA:67,0
DA:68,0
DA:78,0
DA:79,0
DA:82,0
DA:84,0
DA:85,0
DA:95,0
DA:96,0
DA:97,0
DA:106,0
DA:107,0
DA:111,0
DA:112,0
DA:114,0
DA:115,0
DA:124,0
DA:125,0
DA:127,0
DA:130,0
DA:133,0
DA:136,0
LF:39
LH:0
BRDA:7,0,0,0
BRDA:18,1,0,0
BRDA:18,1,1,0
BRDA:36,2,0,0
BRDA:36,3,0,0
BRDA:48,4,0,0
BRDA:48,4,1,0
BRDA:66,5,0,0
BRDA:66,6,0,0
BRDA:78,7,0,0
BRDA:78,7,1,0
BRDA:95,8,0,0
BRDA:106,9,0,0
BRDA:106,9,1,0
BRDA:112,10,0,0
BRDA:112,10,1,0
BRF:16
BRH:0
end_of_record
TN:
SF:src/utils/format.js
FN:6,(anonymous_0)
FN:16,(anonymous_1)
FN:27,(anonymous_2)
FN:37,(anonymous_3)
FN:49,(anonymous_4)
FN:51,(anonymous_5)
FN:62,(anonymous_6)
FN:65,(anonymous_7)
FN:74,(anonymous_8)
FN:77,(anonymous_9)
FN:88,(anonymous_10)
FN:107,(anonymous_11)
FN:120,(anonymous_12)
FN:130,(anonymous_13)
FN:144,(anonymous_14)
FN:158,(anonymous_15)
FNF:16
FNH:0
FNDA:0,(anonymous_0)
FNDA:0,(anonymous_1)
FNDA:0,(anonymous_2)
FNDA:0,(anonymous_3)
FNDA:0,(anonymous_4)
FNDA:0,(anonymous_5)
FNDA:0,(anonymous_6)
FNDA:0,(anonymous_7)
FNDA:0,(anonymous_8)
FNDA:0,(anonymous_9)
FNDA:0,(anonymous_10)
FNDA:0,(anonymous_11)
FNDA:0,(anonymous_12)
FNDA:0,(anonymous_13)
FNDA:0,(anonymous_14)
FNDA:0,(anonymous_15)
DA:6,0
DA:7,0
DA:8,0
DA:16,0
DA:17,0
DA:27,0
DA:28,0
DA:29,0
DA:37,0
DA:38,0
DA:49,0
DA:50,0
DA:52,0
DA:62,0
DA:63,0
DA:65,0
DA:74,0
DA:75,0
DA:77,0
DA:88,0
DA:89,0
DA:96,0
DA:97,0
DA:107,0
DA:108,0
DA:120,0
DA:121,0
DA:122,0
DA:130,0
DA:131,0
DA:132,0
DA:133,0
DA:134,0
DA:136,0
DA:144,0
DA:145,0
DA:158,0
DA:159,0
DA:160,0
LF:39
LH:0
BRDA:7,0,0,0
BRDA:7,0,1,0
BRDA:27,1,0,0
BRDA:28,2,0,0
BRDA:28,2,1,0
BRDA:28,3,0,0
BRDA:28,3,1,0
BRDA:52,4,0,0
BRDA:52,4,1,0
BRDA:88,5,0,0
BRDA:88,6,0,0
BRDA:96,7,0,0
BRDA:96,7,1,0
BRDA:107,8,0,0
BRDA:107,9,0,0
BRDA:120,10,0,0
BRDA:130,11,0,0
BRDA:159,12,0,0
BRDA:159,12,1,0
BRF:19
BRH:0
end_of_record
TN:
SF:src/utils/index.js
FNF:0
FNH:0
LF:0
LH:0
BRF:0
BRH:0
end_of_record
TN:
SF:src/utils/storage.js
FN:7,(anonymous_0)
FN:24,(anonymous_1)
FN:42,(anonymous_2)
FN:56,(anonymous_3)
FN:72,(anonymous_4)
FN:89,(anonymous_5)
FN:107,(anonymous_6)
FN:121,(anonymous_7)
FNF:8
FNH:0
FNDA:0,(anonymous_0)
FNDA:0,(anonymous_1)
FNDA:0,(anonymous_2)
FNDA:0,(anonymous_3)
FNDA:0,(anonymous_4)
FNDA:0,(anonymous_5)
FNDA:0,(anonymous_6)
FNDA:0,(anonymous_7)
DA:7,0
DA:8,0
DA:9,0
DA:10,0
DA:11,0
DA:13,0
DA:14,0
DA:24,0
DA:25,0
DA:26,0
DA:27,0
DA:28,0
DA:30,0
DA:32,0
DA:33,0
DA:42,0
DA:43,0
DA:44,0
DA:45,0
DA:47,0
DA:48,0
DA:56,0
DA:57,0
DA:58,0
DA:59,0
DA:61,0
DA:62,0
DA:72,0
DA:73,0
DA:74,0
DA:75,0
DA:76,0
DA:78,0
DA:79,0
DA:89,0
DA:90,0
DA:91,0
DA:92,0
DA:93,0
DA:95,0
DA:97,0
DA:98,0
DA:107,0
DA:108,0
DA:109,0
DA:110,0
DA:112,0
DA:113,0
DA:121,0
DA:122,0
DA:123,0
DA:124,0
DA:126,0
DA:127,0
LF:54
LH:0
BRDA:24,0,0,0
BRDA:27,1,0,0
BRDA:27,1,1,0
BRDA:89,2,0,0
BRDA:92,3,0,0
BRDA:92,3,1,0
BRF:6
BRH:0
end_of_record
TN:
SF:src/utils/validation.js
FN:6,(anonymous_0)
FN:16,(anonymous_1)
FN:26,(anonymous_2)
FN:36,(anonymous_3)
FN:45,(anonymous_4)
FN:55,(anonymous_5)
FN:69,(anonymous_6)
FN:80,(anonymous_7)
FN:90,(anonymous_8)
FN:91,(anonymous_9)
FN:107,(anonymous_10)
FN:108,(anonymous_11)
FN:122,(anonymous_12)
FN:123,(anonymous_13)
FN:137,(anonymous_14)
FN:138,(anonymous_15)
FN:151,(anonymous_16)
FN:152,(anonymous_17)
FNF:18
FNH:0
FNDA:0,(anonymous_0)
FNDA:0,(anonymous_1)
FNDA:0,(anonymous_2)
FNDA:0,(anonymous_3)
FNDA:0,(anonymous_4)
FNDA:0,(anonymous_5)
FNDA:0,(anonymous_6)
FNDA:0,(anonymous_7)
FNDA:0,(anonymous_8)
FNDA:0,(anonymous_9)
FNDA:0,(anonymous_10)
FNDA:0,(anonymous_11)
FNDA:0,(anonymous_12)
FNDA:0,(anonymous_13)
FNDA:0,(anonymous_14)
FNDA:0,(anonymous_15)
FNDA:0,(anonymous_16)
FNDA:0,(anonymous_17)
DA:6,0
DA:7,0
DA:16,0
DA:17,0
DA:26,0
DA:27,0
DA:36,0
DA:37,0
DA:45,0
DA:46,0
DA:47,0
DA:55,0
DA:56,0
DA:57,0
DA:58,0
DA:60,0
DA:69,0
DA:70,0
DA:80,0
DA:81,0
DA:82,0
DA:90,0
DA:91,0
DA:92,0
DA:93,0
DA:94,0
DA:95,0
DA:98,0
DA:107,0
DA:108,0
DA:109,0
DA:110,0
DA:112,0
DA:122,0
DA:123,0
DA:124,0
DA:125,0
DA:127,0
DA:137,0
DA:138,0
DA:139,0
DA:140,0
DA:142,0
DA:151,0
DA:152,0
DA:153,0
DA:154,0
DA:156,0
LF:48
LH:0
BRDA:70,0,0,0
BRDA:70,0,1,0
BRDA:82,1,0,0
BRDA:82,1,1,0
BRDA:94,2,0,0
BRDA:94,2,1,0
BRDA:109,3,0,0
BRDA:109,3,1,0
BRDA:124,4,0,0
BRDA:124,4,1,0
BRDA:139,5,0,0
BRDA:139,5,1,0
BRDA:153,6,0,0
BRDA:153,6,1,0
BRF:14
BRH:0
end_of_record
